This is LuaHBTeX, Version 1.18.0 (TeX Live 2024)  (format=lualatex 2024.10.11)  7 MAY 2025 16:52
 restricted system commands enabled.
**dpg_presentation.tex
(./dpg_presentation.tex
LaTeX2e <2024-06-01> patch level 2
L3 programming layer <2024-09-10>
Lua module: luaotfload 2024-02-14 3.28 Lua based OpenType font support
Lua module: lualibs 2023-07-13 2.76 ConTeXt Lua standard libraries.
Lua module: lualibs-extended 2023-07-13 2.76 ConTeXt Lua libraries -- extended c
ollection.
luaotfload | conf : Root cache directory is "/home/leander/.local/texlive/2024/t
exmf-var/luatex-cache/generic/names".
luaotfload | init : Loading fontloader "fontloader-2023-12-28.lua" from kpse-res
olved path "/home/leander/.local/texlive/2024/texmf-dist/tex/luatex/luaotfload/f
ontloader-2023-12-28.lua".
Lua-only attribute luaotfload@noligature = 1
luaotfload | init : Context OpenType loader version 3.134
Inserting `luaotfload.node_processor' in `pre_linebreak_filter'.
Inserting `luaotfload.node_processor' in `hpack_filter'.
Inserting `luaotfload.glyph_stream' in `glyph_stream_provider'.
Inserting `luaotfload.define_font' in `define_font'.
Lua-only attribute luaotfload_color_attribute = 2
luaotfload | conf : Root cache directory is "/home/leander/.local/texlive/2024/t
exmf-var/luatex-cache/generic/names".
Inserting `luaotfload.harf.strip_prefix' in `find_opentype_file'.
Inserting `luaotfload.harf.strip_prefix' in `find_truetype_file'.
Removing  `luaotfload.glyph_stream' from `glyph_stream_provider'.
Inserting `luaotfload.harf.glyphstream' in `glyph_stream_provider'.
Inserting `luaotfload.harf.finalize_vlist' in `post_linebreak_filter'.
Inserting `luaotfload.harf.finalize_hlist' in `hpack_filter'.
Inserting `luaotfload.cleanup_files' in `wrapup_run'.
Inserting `luaotfload.harf.finalize_unicode' in `finish_pdffile'.
Inserting `luaotfload.glyphinfo' in `glyph_info'.
Lua-only attribute luaotfload.letterspace_done = 3
Inserting `luaotfload.aux.set_sscale_dimens' in `luaotfload.patch_font'.
Inserting `luaotfload.aux.set_font_index' in `luaotfload.patch_font'.
Inserting `luaotfload.aux.patch_cambria_domh' in `luaotfload.patch_font'.
Inserting `luaotfload.aux.fixup_fontdata' in `luaotfload.patch_font_unsafe'.
Inserting `luaotfload.aux.set_capheight' in `luaotfload.patch_font'.
Inserting `luaotfload.aux.set_xheight' in `luaotfload.patch_font'.
Inserting `luaotfload.rewrite_fontname' in `luaotfload.patch_font'.
Inserting `tracingstacklevels' in `input_level_string'. (/home/leander/.local/t
exlive/2024/texmf-dist/tex/latex/beamer/beamer.cls
Document Class: beamer 2024/01/06 v3.71 A class for typesetting presentations

(/home/leander/.local/texlive/2024/texmf-dist/tex/latex/beamer/beamerbasemodes.
sty
(/home/leander/.local/texlive/2024/texmf-dist/tex/latex/etoolbox/etoolbox.sty
Package: etoolbox 2020/10/05 v2.5k e-TeX tools for LaTeX (JAW)
\etb@tempcnta=\count192
)
\beamer@tempbox=\box52
\beamer@tempcount=\count193
\c@beamerpauses=\count194

(/home/leander/.local/texlive/2024/texmf-dist/tex/latex/beamer/beamerbasedecode
.sty
\beamer@slideinframe=\count195
\beamer@minimum=\count196
\beamer@decode@box=\box53
)
\beamer@commentbox=\box54
\beamer@modecount=\count197
)
(/home/leander/.local/texlive/2024/texmf-dist/tex/generic/iftex/iftex.sty
Package: iftex 2022/02/03 v1.0f TeX engine tests
)
\headdp=\dimen140
\footheight=\dimen141
\sidebarheight=\dimen142
\beamer@tempdim=\dimen143
\beamer@finalheight=\dimen144
\beamer@animht=\dimen145
\beamer@animdp=\dimen146
\beamer@animwd=\dimen147
\beamer@leftmargin=\dimen148
\beamer@rightmargin=\dimen149
\beamer@leftsidebar=\dimen150
\beamer@rightsidebar=\dimen151
\beamer@boxsize=\dimen152
\beamer@vboxoffset=\dimen153
\beamer@descdefault=\dimen154
\beamer@descriptionwidth=\dimen155
\beamer@lastskip=\skip49
\beamer@areabox=\box55
\beamer@animcurrent=\box56
\beamer@animshowbox=\box57
\beamer@sectionbox=\box58
\beamer@logobox=\box59
\beamer@linebox=\box60
\beamer@sectioncount=\count198
\beamer@subsubsectionmax=\count199
\beamer@subsectionmax=\count266
\beamer@sectionmax=\count267
\beamer@totalheads=\count268
\beamer@headcounter=\count269
\beamer@partstartpage=\count270
\beamer@sectionstartpage=\count271
\beamer@subsectionstartpage=\count272
\beamer@animationtempa=\count273
\beamer@animationtempb=\count274
\beamer@xpos=\count275
\beamer@ypos=\count276
\beamer@ypos@offset=\count277
\beamer@showpartnumber=\count278
\beamer@currentsubsection=\count279
\beamer@coveringdepth=\count280
\beamer@sectionadjust=\count281
\beamer@toclastsection=\count282
\beamer@tocsectionnumber=\count283

(/home/leander/.local/texlive/2024/texmf-dist/tex/latex/beamer/beamerbaseoption
s.sty
(/home/leander/.local/texlive/2024/texmf-dist/tex/latex/graphics/keyval.sty
Package: keyval 2022/05/29 v1.15 key=value parser (DPC)
\KV@toks@=\toks17
))
\beamer@paperwidth=\skip50
\beamer@paperheight=\skip51

(/home/leander/.local/texlive/2024/texmf-dist/tex/latex/geometry/geometry.sty
Package: geometry 2020/01/02 v5.9 Page Geometry

(/home/leander/.local/texlive/2024/texmf-dist/tex/generic/iftex/ifvtex.sty
Package: ifvtex 2019/10/25 v1.7 ifvtex legacy package. Use iftex instead.
)
\Gm@cnth=\count284
\Gm@cntv=\count285
\c@Gm@tempcnt=\count286
\Gm@bindingoffset=\dimen156
\Gm@wd@mp=\dimen157
\Gm@odd@mp=\dimen158
\Gm@even@mp=\dimen159
\Gm@layoutwidth=\dimen160
\Gm@layoutheight=\dimen161
\Gm@layouthoffset=\dimen162
\Gm@layoutvoffset=\dimen163
\Gm@dimlist=\toks18
)
(/home/leander/.local/texlive/2024/texmf-dist/tex/latex/pgf/math/pgfmath.sty
(/home/leander/.local/texlive/2024/texmf-dist/tex/latex/pgf/utilities/pgfrcs.st
y
(/home/leander/.local/texlive/2024/texmf-dist/tex/generic/pgf/utilities/pgfutil
-common.tex
\pgfutil@everybye=\toks19
\pgfutil@tempdima=\dimen164
\pgfutil@tempdimb=\dimen165
)
(/home/leander/.local/texlive/2024/texmf-dist/tex/generic/pgf/utilities/pgfutil
-latex.def
\pgfutil@abb=\box61
)
(/home/leander/.local/texlive/2024/texmf-dist/tex/generic/pgf/utilities/pgfrcs.
code.tex
(/home/leander/.local/texlive/2024/texmf-dist/tex/generic/pgf/pgf.revision.tex)
Package: pgfrcs 2023-01-15 v3.1.10 (3.1.10)
))
(/home/leander/.local/texlive/2024/texmf-dist/tex/latex/pgf/utilities/pgfkeys.s
ty
(/home/leander/.local/texlive/2024/texmf-dist/tex/generic/pgf/utilities/pgfkeys
.code.tex
\pgfkeys@pathtoks=\toks20
\pgfkeys@temptoks=\toks21

(/home/leander/.local/texlive/2024/texmf-dist/tex/generic/pgf/utilities/pgfkeys
libraryfiltered.code.tex
\pgfkeys@tmptoks=\toks22
)))
(/home/leander/.local/texlive/2024/texmf-dist/tex/generic/pgf/math/pgfmath.code
.tex
(/home/leander/.local/texlive/2024/texmf-dist/tex/generic/pgf/math/pgfmathutil.
code.tex
\pgf@x=\dimen166
\pgf@xa=\dimen167
\pgf@xb=\dimen168
\pgf@xc=\dimen169
\pgf@y=\dimen170
\pgf@ya=\dimen171
\pgf@yb=\dimen172
\pgf@yc=\dimen173
\c@pgf@counta=\count287
\c@pgf@countb=\count288
\c@pgf@countc=\count289
\c@pgf@countd=\count290
)
(/home/leander/.local/texlive/2024/texmf-dist/tex/generic/pgf/math/pgfmathparse
r.code.tex
\pgfmath@dimen=\dimen174
\pgfmath@count=\count291
\pgfmath@box=\box62
\pgfmath@toks=\toks23
\pgfmath@stack@operand=\toks24
\pgfmath@stack@operation=\toks25
)
(/home/leander/.local/texlive/2024/texmf-dist/tex/generic/pgf/math/pgfmathfunct
ions.code.tex)
(/home/leander/.local/texlive/2024/texmf-dist/tex/generic/pgf/math/pgfmathfunct
ions.basic.code.tex)
(/home/leander/.local/texlive/2024/texmf-dist/tex/generic/pgf/math/pgfmathfunct
ions.trigonometric.code.tex)
(/home/leander/.local/texlive/2024/texmf-dist/tex/generic/pgf/math/pgfmathfunct
ions.random.code.tex)
(/home/leander/.local/texlive/2024/texmf-dist/tex/generic/pgf/math/pgfmathfunct
ions.comparison.code.tex)
(/home/leander/.local/texlive/2024/texmf-dist/tex/generic/pgf/math/pgfmathfunct
ions.base.code.tex)
(/home/leander/.local/texlive/2024/texmf-dist/tex/generic/pgf/math/pgfmathfunct
ions.round.code.tex)
(/home/leander/.local/texlive/2024/texmf-dist/tex/generic/pgf/math/pgfmathfunct
ions.misc.code.tex)
(/home/leander/.local/texlive/2024/texmf-dist/tex/generic/pgf/math/pgfmathfunct
ions.integerarithmetics.code.tex)
(/home/leander/.local/texlive/2024/texmf-dist/tex/generic/pgf/math/pgfmathcalc.
code.tex)
(/home/leander/.local/texlive/2024/texmf-dist/tex/generic/pgf/math/pgfmathfloat
.code.tex
\c@pgfmathroundto@lastzeros=\count292
)))
(/home/leander/.local/texlive/2024/texmf-dist/tex/latex/extsizes/size9.clo
File: size9.clo 1999/11/11 v1.4a NON-Standard LaTeX file (size option)
luaotfload | db : Font names database loaded from /home/leander/.local/texlive/2
024/texmf-var/luatex-cache/generic/names/luaotfload-names.luc.gz)
(/home/leander/.local/texlive/2024/texmf-dist/tex/latex/pgf/basiclayer/pgfcore.
sty
(/home/leander/.local/texlive/2024/texmf-dist/tex/latex/graphics/graphicx.sty
Package: graphicx 2021/09/16 v1.2d Enhanced LaTeX Graphics (DPC,SPQR)

(/home/leander/.local/texlive/2024/texmf-dist/tex/latex/graphics/graphics.sty
Package: graphics 2024/05/23 v1.4g Standard LaTeX Graphics (DPC,SPQR)

(/home/leander/.local/texlive/2024/texmf-dist/tex/latex/graphics/trig.sty
Package: trig 2023/12/02 v1.11 sin cos tan (DPC)
)
(/home/leander/.local/texlive/2024/texmf-dist/tex/latex/graphics-cfg/graphics.c
fg
File: graphics.cfg 2016/06/04 v1.11 sample graphics configuration
)
Package graphics Info: Driver file: luatex.def on input line 106.

(/home/leander/.local/texlive/2024/texmf-dist/tex/latex/graphics-def/luatex.def
File: luatex.def 2024/04/13 v1.2e Graphics/color driver for luatex
))
\Gin@req@height=\dimen175
\Gin@req@width=\dimen176
)
(/home/leander/.local/texlive/2024/texmf-dist/tex/latex/pgf/systemlayer/pgfsys.
sty
(/home/leander/.local/texlive/2024/texmf-dist/tex/generic/pgf/systemlayer/pgfsy
s.code.tex
Package: pgfsys 2023-01-15 v3.1.10 (3.1.10)
\pgf@x=\dimen177
\pgf@y=\dimen178
\pgf@xa=\dimen179
\pgf@ya=\dimen180
\pgf@xb=\dimen181
\pgf@yb=\dimen182
\pgf@xc=\dimen183
\pgf@yc=\dimen184
\pgf@xd=\dimen185
\pgf@yd=\dimen186
\w@pgf@writea=\write3
\r@pgf@reada=\read2
\c@pgf@counta=\count293
\c@pgf@countb=\count294
\c@pgf@countc=\count295
\c@pgf@countd=\count296
\t@pgf@toka=\toks26
\t@pgf@tokb=\toks27
\t@pgf@tokc=\toks28
\pgf@sys@id@count=\count297

(/home/leander/.local/texlive/2024/texmf-dist/tex/generic/pgf/systemlayer/pgf.c
fg
File: pgf.cfg 2023-01-15 v3.1.10 (3.1.10)
)
Driver file for pgf: pgfsys-luatex.def

(/home/leander/.local/texlive/2024/texmf-dist/tex/generic/pgf/systemlayer/pgfsy
s-luatex.def
File: pgfsys-luatex.def 2023-01-15 v3.1.10 (3.1.10)

(/home/leander/.local/texlive/2024/texmf-dist/tex/generic/pgf/systemlayer/pgfsy
s-common-pdf.def
File: pgfsys-common-pdf.def 2023-01-15 v3.1.10 (3.1.10)
)))
(/home/leander/.local/texlive/2024/texmf-dist/tex/generic/pgf/systemlayer/pgfsy
ssoftpath.code.tex
File: pgfsyssoftpath.code.tex 2023-01-15 v3.1.10 (3.1.10)
\pgfsyssoftpath@smallbuffer@items=\count298
\pgfsyssoftpath@bigbuffer@items=\count299
)
(/home/leander/.local/texlive/2024/texmf-dist/tex/generic/pgf/systemlayer/pgfsy
sprotocol.code.tex
File: pgfsysprotocol.code.tex 2023-01-15 v3.1.10 (3.1.10)
))
(/home/leander/.local/texlive/2024/texmf-dist/tex/latex/xcolor/xcolor.sty
Package: xcolor 2024/09/29 v3.02 LaTeX color extensions (UK)

(/home/leander/.local/texlive/2024/texmf-dist/tex/latex/graphics-cfg/color.cfg
File: color.cfg 2016/01/02 v1.6 sample color configuration
)
Package xcolor Info: Driver file: luatex.def on input line 274.
(/home/leander/.local/texlive/2024/texmf-dist/tex/latex/graphics/mathcolor.ltx)
Package xcolor Info: Model `cmy' substituted by `cmy0' on input line 1349.
Package xcolor Info: Model `hsb' substituted by `rgb' on input line 1353.
Package xcolor Info: Model `RGB' extended on input line 1365.
Package xcolor Info: Model `HTML' substituted by `rgb' on input line 1367.
Package xcolor Info: Model `Hsb' substituted by `hsb' on input line 1368.
Package xcolor Info: Model `tHsb' substituted by `hsb' on input line 1369.
Package xcolor Info: Model `HSB' substituted by `hsb' on input line 1370.
Package xcolor Info: Model `Gray' substituted by `gray' on input line 1371.
Package xcolor Info: Model `wave' substituted by `hsb' on input line 1372.
)
(/home/leander/.local/texlive/2024/texmf-dist/tex/generic/pgf/basiclayer/pgfcor
e.code.tex
Package: pgfcore 2023-01-15 v3.1.10 (3.1.10)

(/home/leander/.local/texlive/2024/texmf-dist/tex/generic/pgf/math/pgfint.code.
tex)
(/home/leander/.local/texlive/2024/texmf-dist/tex/generic/pgf/basiclayer/pgfcor
epoints.code.tex
File: pgfcorepoints.code.tex 2023-01-15 v3.1.10 (3.1.10)
\pgf@picminx=\dimen187
\pgf@picmaxx=\dimen188
\pgf@picminy=\dimen189
\pgf@picmaxy=\dimen190
\pgf@pathminx=\dimen191
\pgf@pathmaxx=\dimen192
\pgf@pathminy=\dimen193
\pgf@pathmaxy=\dimen194
\pgf@xx=\dimen195
\pgf@xy=\dimen196
\pgf@yx=\dimen197
\pgf@yy=\dimen198
\pgf@zx=\dimen199
\pgf@zy=\dimen256
)
(/home/leander/.local/texlive/2024/texmf-dist/tex/generic/pgf/basiclayer/pgfcor
epathconstruct.code.tex
File: pgfcorepathconstruct.code.tex 2023-01-15 v3.1.10 (3.1.10)
\pgf@path@lastx=\dimen257
\pgf@path@lasty=\dimen258
)
(/home/leander/.local/texlive/2024/texmf-dist/tex/generic/pgf/basiclayer/pgfcor
epathusage.code.tex
File: pgfcorepathusage.code.tex 2023-01-15 v3.1.10 (3.1.10)
\pgf@shorten@end@additional=\dimen259
\pgf@shorten@start@additional=\dimen260
)
(/home/leander/.local/texlive/2024/texmf-dist/tex/generic/pgf/basiclayer/pgfcor
escopes.code.tex
File: pgfcorescopes.code.tex 2023-01-15 v3.1.10 (3.1.10)
\pgfpic=\box63
\pgf@hbox=\box64
\pgf@layerbox@main=\box65
\pgf@picture@serial@count=\count300
)
(/home/leander/.local/texlive/2024/texmf-dist/tex/generic/pgf/basiclayer/pgfcor
egraphicstate.code.tex
File: pgfcoregraphicstate.code.tex 2023-01-15 v3.1.10 (3.1.10)
\pgflinewidth=\dimen261
)
(/home/leander/.local/texlive/2024/texmf-dist/tex/generic/pgf/basiclayer/pgfcor
etransformations.code.tex
File: pgfcoretransformations.code.tex 2023-01-15 v3.1.10 (3.1.10)
\pgf@pt@x=\dimen262
\pgf@pt@y=\dimen263
\pgf@pt@temp=\dimen264
)
(/home/leander/.local/texlive/2024/texmf-dist/tex/generic/pgf/basiclayer/pgfcor
equick.code.tex
File: pgfcorequick.code.tex 2023-01-15 v3.1.10 (3.1.10)
)
(/home/leander/.local/texlive/2024/texmf-dist/tex/generic/pgf/basiclayer/pgfcor
eobjects.code.tex
File: pgfcoreobjects.code.tex 2023-01-15 v3.1.10 (3.1.10)
)
(/home/leander/.local/texlive/2024/texmf-dist/tex/generic/pgf/basiclayer/pgfcor
epathprocessing.code.tex
File: pgfcorepathprocessing.code.tex 2023-01-15 v3.1.10 (3.1.10)
)
(/home/leander/.local/texlive/2024/texmf-dist/tex/generic/pgf/basiclayer/pgfcor
earrows.code.tex
File: pgfcorearrows.code.tex 2023-01-15 v3.1.10 (3.1.10)
\pgfarrowsep=\dimen265
)
(/home/leander/.local/texlive/2024/texmf-dist/tex/generic/pgf/basiclayer/pgfcor
eshade.code.tex
File: pgfcoreshade.code.tex 2023-01-15 v3.1.10 (3.1.10)
\pgf@max=\dimen266
\pgf@sys@shading@range@num=\count301
\pgf@shadingcount=\count302
)
(/home/leander/.local/texlive/2024/texmf-dist/tex/generic/pgf/basiclayer/pgfcor
eimage.code.tex
File: pgfcoreimage.code.tex 2023-01-15 v3.1.10 (3.1.10)
)
(/home/leander/.local/texlive/2024/texmf-dist/tex/generic/pgf/basiclayer/pgfcor
eexternal.code.tex
File: pgfcoreexternal.code.tex 2023-01-15 v3.1.10 (3.1.10)
\pgfexternal@startupbox=\box66
)
(/home/leander/.local/texlive/2024/texmf-dist/tex/generic/pgf/basiclayer/pgfcor
elayers.code.tex
File: pgfcorelayers.code.tex 2023-01-15 v3.1.10 (3.1.10)
)
(/home/leander/.local/texlive/2024/texmf-dist/tex/generic/pgf/basiclayer/pgfcor
etransparency.code.tex
File: pgfcoretransparency.code.tex 2023-01-15 v3.1.10 (3.1.10)
)
(/home/leander/.local/texlive/2024/texmf-dist/tex/generic/pgf/basiclayer/pgfcor
epatterns.code.tex
File: pgfcorepatterns.code.tex 2023-01-15 v3.1.10 (3.1.10)
)
(/home/leander/.local/texlive/2024/texmf-dist/tex/generic/pgf/basiclayer/pgfcor
erdf.code.tex
File: pgfcorerdf.code.tex 2023-01-15 v3.1.10 (3.1.10)
)))
(/home/leander/.local/texlive/2024/texmf-dist/tex/latex/pgf/utilities/xxcolor.s
ty
Package: xxcolor 2003/10/24 ver 0.1
\XC@nummixins=\count303
\XC@countmixins=\count304
)
(/home/leander/.local/texlive/2024/texmf-dist/tex/latex/base/atbegshi-ltx.sty
Package: atbegshi-ltx 2021/01/10 v1.0c Emulation of the original atbegshi
package with kernel methods
)
(/home/leander/.local/texlive/2024/texmf-dist/tex/latex/hyperref/hyperref.sty
Package: hyperref 2024-07-10 v7.01j Hypertext links for LaTeX

(/home/leander/.local/texlive/2024/texmf-dist/tex/latex/kvsetkeys/kvsetkeys.sty
Package: kvsetkeys 2022-10-05 v1.19 Key value parser (HO)
)
(/home/leander/.local/texlive/2024/texmf-dist/tex/generic/kvdefinekeys/kvdefine
keys.sty
Package: kvdefinekeys 2019-12-19 v1.6 Define keys (HO)
)
(/home/leander/.local/texlive/2024/texmf-dist/tex/generic/pdfescape/pdfescape.s
ty
Package: pdfescape 2019/12/09 v1.15 Implements pdfTeX's escape features (HO)

(/home/leander/.local/texlive/2024/texmf-dist/tex/generic/ltxcmds/ltxcmds.sty
Package: ltxcmds 2023-12-04 v1.26 LaTeX kernel commands for general use (HO)
)
(/home/leander/.local/texlive/2024/texmf-dist/tex/generic/pdftexcmds/pdftexcmds
.sty
Package: pdftexcmds 2020-06-27 v0.33 Utility functions of pdfTeX for LuaTeX (HO
)

(/home/leander/.local/texlive/2024/texmf-dist/tex/generic/infwarerr/infwarerr.s
ty
Package: infwarerr 2019/12/03 v1.5 Providing info/warning/error messages (HO)
)
Package pdftexcmds Info: \pdf@primitive is available.
Package pdftexcmds Info: \pdf@ifprimitive is available.
Package pdftexcmds Info: \pdfdraftmode found.
\pdftexcmds@toks=\toks29
))
(/home/leander/.local/texlive/2024/texmf-dist/tex/latex/hycolor/hycolor.sty
Package: hycolor 2020-01-27 v1.10 Color options for hyperref/bookmark (HO)
)
(/home/leander/.local/texlive/2024/texmf-dist/tex/latex/hyperref/nameref.sty
Package: nameref 2023-11-26 v2.56 Cross-referencing by name of section

(/home/leander/.local/texlive/2024/texmf-dist/tex/latex/refcount/refcount.sty
Package: refcount 2019/12/15 v3.6 Data extraction from label references (HO)
)
(/home/leander/.local/texlive/2024/texmf-dist/tex/generic/gettitlestring/gettit
lestring.sty
Package: gettitlestring 2019/12/15 v1.6 Cleanup title references (HO)

(/home/leander/.local/texlive/2024/texmf-dist/tex/latex/kvoptions/kvoptions.sty
Package: kvoptions 2022-06-15 v3.15 Key value format for package options (HO)
))
\c@section@level=\count305
)
(/home/leander/.local/texlive/2024/texmf-dist/tex/generic/stringenc/stringenc.s
ty
Package: stringenc 2019/11/29 v1.12 Convert strings between diff. encodings (HO
)
)
\@linkdim=\dimen267
\Hy@linkcounter=\count306
\Hy@pagecounter=\count307
 (/home/leander/.local/texlive/2024/texmf-dist/tex/latex/hyperref/pd1enc.def
File: pd1enc.def 2024-07-10 v7.01j Hyperref: PDFDocEncoding definition (HO)
) (/home/leander/.local/texlive/2024/texmf-dist/tex/generic/intcalc/intcalc.sty
Package: intcalc 2019/12/15 v1.3 Expandable calculations with integers (HO)
)
\Hy@SavedSpaceFactor=\count308
 (/home/leander/.local/texlive/2024/texmf-dist/tex/latex/hyperref/puenc.def
File: puenc.def 2024-07-10 v7.01j Hyperref: PDF Unicode definition (HO)
)
Package hyperref Info: Option `unicode' set `true' on input line 4040.
Package hyperref Info: Option `bookmarks' set `true' on input line 4040.
Package hyperref Info: Option `bookmarksopen' set `true' on input line 4040.
Package hyperref Info: Option `implicit' set `false' on input line 4040.
Package hyperref Info: Hyper figures OFF on input line 4157.
Package hyperref Info: Link nesting OFF on input line 4162.
Package hyperref Info: Hyper index ON on input line 4165.
Package hyperref Info: Plain pages OFF on input line 4172.
Package hyperref Info: Backreferencing OFF on input line 4177.
Package hyperref Info: Implicit mode OFF; no redefinition of LaTeX internals.
Package hyperref Info: Bookmarks ON on input line 4424.
\c@Hy@tempcnt=\count309

(/home/leander/.local/texlive/2024/texmf-dist/tex/latex/url/url.sty
\Urlmuskip=\muskip17
Package: url 2013/09/16  ver 3.4  Verb mode for urls, etc.
)
LaTeX Info: Redefining \url on input line 4763.
\XeTeXLinkMargin=\dimen268

(/home/leander/.local/texlive/2024/texmf-dist/tex/generic/bitset/bitset.sty
Package: bitset 2019/12/09 v1.3 Handle bit-vector datatype (HO)

(/home/leander/.local/texlive/2024/texmf-dist/tex/generic/bigintcalc/bigintcalc
.sty
Package: bigintcalc 2019/12/15 v1.5 Expandable calculations on big integers (HO
)
))
\Fld@menulength=\count310
\Field@Width=\dimen269
\Fld@charsize=\dimen270
Package hyperref Info: Hyper figures OFF on input line 6042.
Package hyperref Info: Link nesting OFF on input line 6047.
Package hyperref Info: Hyper index ON on input line 6050.
Package hyperref Info: backreferencing OFF on input line 6057.
Package hyperref Info: Link coloring OFF on input line 6062.
Package hyperref Info: Link coloring with OCG OFF on input line 6067.
Package hyperref Info: PDF/A mode OFF on input line 6072.
\Hy@abspage=\count311


Package hyperref Message: Stopped early.

)
Package hyperref Info: Driver (autodetected): hluatex.
 (/home/leander/.local/texlive/2024/texmf-dist/tex/latex/hyperref/hluatex.def
File: hluatex.def 2024-07-10 v7.01j Hyperref driver for luaTeX

(/home/leander/.local/texlive/2024/texmf-dist/tex/latex/base/atveryend-ltx.sty
Package: atveryend-ltx 2020/08/19 v1.0a Emulation of the original atveryend pac
kage
with kernel methods
)
\Fld@listcount=\count312
\c@bookmark@seq@number=\count313

(/home/leander/.local/texlive/2024/texmf-dist/tex/latex/rerunfilecheck/rerunfil
echeck.sty
Package: rerunfilecheck 2022-07-10 v1.10 Rerun checks for auxiliary files (HO)

(/home/leander/.local/texlive/2024/texmf-dist/tex/generic/uniquecounter/uniquec
ounter.sty
Package: uniquecounter 2019/12/15 v1.4 Provide unlimited unique counter (HO)
)
Package uniquecounter Info: New unique counter `rerunfilecheck' on input line 2
85.
))
(/home/leander/.local/texlive/2024/texmf-dist/tex/latex/beamer/beamerbaserequir
es.sty
(/home/leander/.local/texlive/2024/texmf-dist/tex/latex/beamer/beamerbasecompat
ibility.sty)
(/home/leander/.local/texlive/2024/texmf-dist/tex/latex/beamer/beamerbasefont.s
ty (/home/leander/.local/texlive/2024/texmf-dist/tex/latex/amsfonts/amssymb.sty
Package: amssymb 2013/01/14 v3.01 AMS font symbols
(/home/leander/.local/texlive/2024/texmf-dist/tex/latex/amsfonts/amsfonts.sty
Package: amsfonts 2013/01/14 v3.01 Basic AMSFonts support
\@emptytoks=\toks30
\symAMSa=\mathgroup4
\symAMSb=\mathgroup5
LaTeX Font Info:    Redeclaring math symbol \hbar on input line 98.
LaTeX Font Info:    Overwriting math alphabet `\mathfrak' in version `bold'
(Font)                  U/euf/m/n --> U/euf/b/n on input line 106.
))
(/home/leander/.local/texlive/2024/texmf-dist/tex/latex/sansmathaccent/sansmath
accent.sty
Package: sansmathaccent 2020/01/31

(/home/leander/.local/texlive/2024/texmf-dist/tex/latex/koma-script/scrlfile.st
y
Package: scrlfile 2023/07/07 v3.41 KOMA-Script package (file load hooks)

(/home/leander/.local/texlive/2024/texmf-dist/tex/latex/koma-script/scrlfile-ho
ok.sty
Package: scrlfile-hook 2023/07/07 v3.41 KOMA-Script package (using LaTeX hooks)


(/home/leander/.local/texlive/2024/texmf-dist/tex/latex/koma-script/scrlogo.sty
Package: scrlogo 2023/07/07 v3.41 KOMA-Script package (logo)
)))))
(/home/leander/.local/texlive/2024/texmf-dist/tex/latex/beamer/beamerbasetransl
ator.sty
(/home/leander/.local/texlive/2024/texmf-dist/tex/latex/translator/translator.s
ty
Package: translator 2021-05-31 v1.12d Easy translation of strings in LaTeX
))
(/home/leander/.local/texlive/2024/texmf-dist/tex/latex/beamer/beamerbasemisc.s
ty)
(/home/leander/.local/texlive/2024/texmf-dist/tex/latex/beamer/beamerbasetwoscr
eens.sty)
(/home/leander/.local/texlive/2024/texmf-dist/tex/latex/beamer/beamerbaseoverla
y.sty
\beamer@argscount=\count314
\beamer@lastskipcover=\skip52
\beamer@trivlistdepth=\count315
)
(/home/leander/.local/texlive/2024/texmf-dist/tex/latex/beamer/beamerbasetitle.
sty)
(/home/leander/.local/texlive/2024/texmf-dist/tex/latex/beamer/beamerbasesectio
n.sty
\c@lecture=\count316
\c@part=\count317
\c@section=\count318
\c@subsection=\count319
\c@subsubsection=\count320
)
(/home/leander/.local/texlive/2024/texmf-dist/tex/latex/beamer/beamerbaseframe.
sty
\beamer@framebox=\box67
\beamer@frametitlebox=\box68
\beamer@zoombox=\box69
\beamer@zoomcount=\count321
\beamer@zoomframecount=\count322
\beamer@frametextheight=\dimen271
\c@subsectionslide=\count323
\beamer@frametopskip=\skip53
\beamer@framebottomskip=\skip54
\beamer@frametopskipautobreak=\skip55
\beamer@framebottomskipautobreak=\skip56
\beamer@envbody=\toks31
\framewidth=\dimen272
\c@framenumber=\count324
)
(/home/leander/.local/texlive/2024/texmf-dist/tex/latex/beamer/beamerbaseverbat
im.sty
\beamer@verbatimfileout=\write4
)
(/home/leander/.local/texlive/2024/texmf-dist/tex/latex/beamer/beamerbaseframes
ize.sty
\beamer@splitbox=\box70
\beamer@autobreakcount=\count325
\beamer@autobreaklastheight=\dimen273
\beamer@frametitletoks=\toks32
\beamer@framesubtitletoks=\toks33
)
(/home/leander/.local/texlive/2024/texmf-dist/tex/latex/beamer/beamerbaseframec
omponents.sty
\beamer@footins=\box71
)
(/home/leander/.local/texlive/2024/texmf-dist/tex/latex/beamer/beamerbasecolor.
sty)
(/home/leander/.local/texlive/2024/texmf-dist/tex/latex/beamer/beamerbasenotes.
sty
\beamer@frameboxcopy=\box72
)
(/home/leander/.local/texlive/2024/texmf-dist/tex/latex/beamer/beamerbasetoc.st
y)
(/home/leander/.local/texlive/2024/texmf-dist/tex/latex/beamer/beamerbasetempla
tes.sty
\beamer@sbttoks=\toks34

(/home/leander/.local/texlive/2024/texmf-dist/tex/latex/beamer/beamerbaseauxtem
plates.sty
(/home/leander/.local/texlive/2024/texmf-dist/tex/latex/beamer/beamerbaseboxes.
sty
\bmb@box=\box73
\bmb@colorbox=\box74
\bmb@boxwidth=\dimen274
\bmb@boxheight=\dimen275
\bmb@prevheight=\dimen276
\bmb@temp=\dimen277
\bmb@dima=\dimen278
\bmb@dimb=\dimen279
\bmb@prevheight=\dimen280
)
\beamer@blockheadheight=\dimen281
))
(/home/leander/.local/texlive/2024/texmf-dist/tex/latex/beamer/beamerbaselocals
tructure.sty
(/home/leander/.local/texlive/2024/texmf-dist/tex/latex/tools/enumerate.sty
Package: enumerate 2023/07/04 v3.00 enumerate extensions (DPC)
\@enLab=\toks35
)
\beamer@bibiconwidth=\skip57
\c@figure=\count326
\c@table=\count327
\abovecaptionskip=\skip58
\belowcaptionskip=\skip59
)
(/home/leander/.local/texlive/2024/texmf-dist/tex/latex/beamer/beamerbasenaviga
tion.sty
(/home/leander/.local/texlive/2024/texmf-dist/tex/latex/beamer/beamerbasenaviga
tionsymbols.tex)
\beamer@section@min@dim=\dimen282
)
(/home/leander/.local/texlive/2024/texmf-dist/tex/latex/beamer/beamerbasetheore
ms.sty
(/home/leander/.local/texlive/2024/texmf-dist/tex/latex/amsmath/amsmath.sty
Package: amsmath 2024/05/23 v2.17q AMS math features
\@mathmargin=\skip60

For additional information on amsmath, use the `?' option.
(/home/leander/.local/texlive/2024/texmf-dist/tex/latex/amsmath/amstext.sty
Package: amstext 2021/08/26 v2.01 AMS text

(/home/leander/.local/texlive/2024/texmf-dist/tex/latex/amsmath/amsgen.sty
File: amsgen.sty 1999/11/30 v2.0 generic functions
\@emptytoks=\toks36
\ex@=\dimen283
))
(/home/leander/.local/texlive/2024/texmf-dist/tex/latex/amsmath/amsbsy.sty
Package: amsbsy 1999/11/29 v1.2d Bold Symbols
\pmbraise@=\dimen284
)
(/home/leander/.local/texlive/2024/texmf-dist/tex/latex/amsmath/amsopn.sty
Package: amsopn 2022/04/08 v2.04 operator names
)
\inf@bad=\count328
LaTeX Info: Redefining \frac on input line 235.
\uproot@=\count329
\leftroot@=\count330
LaTeX Info: Redefining \overline on input line 398.
LaTeX Info: Redefining \colon on input line 409.
\classnum@=\count331
\DOTSCASE@=\count332
LaTeX Info: Redefining \ldots on input line 495.
LaTeX Info: Redefining \dots on input line 498.
LaTeX Info: Redefining \cdots on input line 619.
\Mathstrutbox@=\box75
\strutbox@=\box76
LaTeX Info: Redefining \big on input line 721.
LaTeX Info: Redefining \Big on input line 722.
LaTeX Info: Redefining \bigg on input line 723.
LaTeX Info: Redefining \Bigg on input line 724.
\big@size=\dimen285
LaTeX Font Info:    Redeclaring font encoding OML on input line 742.
LaTeX Font Info:    Redeclaring font encoding OMS on input line 743.
\macc@depth=\count333
LaTeX Info: Redefining \bmod on input line 904.
LaTeX Info: Redefining \pmod on input line 909.
LaTeX Info: Redefining \smash on input line 939.
LaTeX Info: Redefining \relbar on input line 969.
LaTeX Info: Redefining \Relbar on input line 970.
\c@MaxMatrixCols=\count334
\dotsspace@=\muskip18
\c@parentequation=\count335
\dspbrk@lvl=\count336
\tag@help=\toks37
\row@=\count337
\column@=\count338
\maxfields@=\count339
\andhelp@=\toks38
\eqnshift@=\dimen286
\alignsep@=\dimen287
\tagshift@=\dimen288
\tagwidth@=\dimen289
\totwidth@=\dimen290
\lineht@=\dimen291
\@envbody=\toks39
\multlinegap=\skip61
\multlinetaggap=\skip62
\mathdisplay@stack=\toks40
LaTeX Info: Redefining \[ on input line 2953.
LaTeX Info: Redefining \] on input line 2954.
)
(/home/leander/.local/texlive/2024/texmf-dist/tex/latex/amscls/amsthm.sty
Package: amsthm 2020/05/29 v2.20.6
\thm@style=\toks41
\thm@bodyfont=\toks42
\thm@headfont=\toks43
\thm@notefont=\toks44
\thm@headpunct=\toks45
\thm@preskip=\skip63
\thm@postskip=\skip64
\thm@headsep=\skip65
\dth@everypar=\toks46
)
\c@theorem=\count340
)
(/home/leander/.local/texlive/2024/texmf-dist/tex/latex/beamer/beamerbasethemes
.sty))
(/home/leander/.local/texlive/2024/texmf-dist/tex/latex/beamer/beamerthemedefau
lt.sty
(/home/leander/.local/texlive/2024/texmf-dist/tex/latex/beamer/beamerfontthemed
efault.sty)
(/home/leander/.local/texlive/2024/texmf-dist/tex/latex/beamer/beamercolortheme
default.sty)
(/home/leander/.local/texlive/2024/texmf-dist/tex/latex/beamer/beamerinnertheme
default.sty
\beamer@dima=\dimen292
\beamer@dimb=\dimen293
)
(/home/leander/.local/texlive/2024/texmf-dist/tex/latex/beamer/beameroutertheme
default.sty)))
(/home/leander/.local/texlive/2024/texmf-dist/tex/latex/polyglossia/polyglossia
.sty
Package: polyglossia 2024/09/23 v2.3 Modern multilingual typesetting with XeLaT
eX and LuaLaTeX

(/home/leander/.local/texlive/2024/texmf-dist/tex/latex/fontspec/fontspec.sty
(/home/leander/.local/texlive/2024/texmf-dist/tex/latex/l3packages/xparse/xpars
e.sty
(/home/leander/.local/texlive/2024/texmf-dist/tex/latex/l3kernel/expl3.sty
Package: expl3 2024-09-10 L3 programming layer (loader) 

(/home/leander/.local/texlive/2024/texmf-dist/tex/latex/l3backend/l3backend-lua
tex.def
File: l3backend-luatex.def 2024-05-08 L3 backend support: PDF output (LuaTeX)
\l__color_backend_stack_int=\count341
Inserting `l3color' in `luaotfload.parse_color'.
\l__pdf_internal_box=\box77
))
Package: xparse 2024-08-16 L3 Experimental document command parser
)
Package: fontspec 2024/05/11 v2.9e Font selection for XeLaTeX and LuaLaTeX
Lua module: fontspec 2024/05/11 2.9e Font selection for XeLaTeX and LuaLaTeX
(/home/leander/.local/texlive/2024/texmf-dist/tex/latex/fontspec/fontspec-luate
x.sty
Package: fontspec-luatex 2024/05/11 v2.9e Font selection for XeLaTeX and LuaLaT
eX
\l__fontspec_script_int=\count342
\l__fontspec_language_int=\count343
\l__fontspec_strnum_int=\count344
\l__fontspec_tmp_int=\count345
\l__fontspec_tmpa_int=\count346
\l__fontspec_tmpb_int=\count347
\l__fontspec_tmpc_int=\count348
\l__fontspec_em_int=\count349
\l__fontspec_emdef_int=\count350
\l__fontspec_strong_int=\count351
\l__fontspec_strongdef_int=\count352
\l__fontspec_tmpa_dim=\dimen294
\l__fontspec_tmpb_dim=\dimen295
\l__fontspec_tmpc_dim=\dimen296
 (/home/leander/.local/texlive/2024/texmf-dist/tex/latex/base/fontenc.sty
Package: fontenc 2021/04/29 v2.0v Standard LaTeX package
) (/home/leander/.local/texlive/2024/texmf-dist/tex/latex/fontspec/fontspec.cfg
)))
Lua module: polyglossia 2013/05/11 1.3 Polyglossia
\l_xpg_alias_keyvals_int=\count353

(/home/leander/.local/texlive/2024/texmf-dist/tex/latex/polyglossia/gloss-latex
.ldf
File: gloss-latex.ldf polyglossia: module for default language
)

Package polyglossia Info: Setting LuaTeX font renderer to Harfbuzz

)
(/home/leander/.local/texlive/2024/texmf-dist/tex/latex/polyglossia/gloss-germa
n.ldf
File: gloss-german.ldf polyglossia: module for German
Module polyglossia Info: Language data for german
(polyglossia)            hyphenation	
(polyglossia)            lefthyphenmin	2
(polyglossia)            loader	loadhyph-de-1901.tex
(polyglossia)            patterns	hyph-de-1901.pat.txt
(polyglossia)            righthyphenmin	2
(polyglossia)            synonyms	 on input line 16
Module polyglossia Info: Language german was not yet loaded; created with id 2 o
n input line 16

(/home/leander/.local/texlive/2024/texmf-dist/tex/latex/polyglossia/babelsh.def
File: babelsh.def 2022/06/21 Babel common definitions for shorthands
 Taken verbatim from babel files (2022/06/06 v3.76)
)
Package babel Info: Making " an active character on input line 206.
)

Package polyglossia Info: Default language is german


(/home/leander/.local/texlive/2024/texmf-dist/tex/latex/csquotes/csquotes.sty
Package: csquotes 2024-04-04 v5.2o context-sensitive quotations (JAW)
\csq@reset=\count354
\csq@gtype=\count355
\csq@glevel=\count356
\csq@qlevel=\count357
\csq@maxlvl=\count358
\csq@tshold=\count359
\csq@ltx@everypar=\toks47

(/home/leander/.local/texlive/2024/texmf-dist/tex/latex/csquotes/csquotes.def
File: csquotes.def 2024-04-04 v5.2o csquotes generic definitions (JAW)
)
Package csquotes Info: Trying to load configuration file 'csquotes.cfg'...
Package csquotes Info: ... configuration file loaded successfully.

(/home/leander/.local/texlive/2024/texmf-dist/tex/latex/csquotes/csquotes.cfg
File: csquotes.cfg 
)) (/home/leander/.local/texlive/2024/texmf-dist/tex/latex/siunitx/siunitx.sty
Package: siunitx 2024-09-30 v3.3.22 A comprehensive (SI) units package
\l__siunitx_number_uncert_offset_int=\count360
\l__siunitx_number_exponent_fixed_int=\count361
\l__siunitx_number_min_decimal_int=\count362
\l__siunitx_number_min_integer_int=\count363
\l__siunitx_number_round_precision_int=\count364
\l__siunitx_number_lower_threshold_int=\count365
\l__siunitx_number_upper_threshold_int=\count366
\l__siunitx_number_group_first_int=\count367
\l__siunitx_number_group_size_int=\count368
\l__siunitx_number_group_minimum_int=\count369
\l__siunitx_angle_tmp_dim=\dimen297
\l__siunitx_angle_marker_box=\box78
\l__siunitx_angle_unit_box=\box79
\l__siunitx_compound_count_int=\count370

(/home/leander/.local/texlive/2024/texmf-dist/tex/latex/translations/translatio
ns.sty
Package: translations 2022/02/05 v1.12 internationalization of LaTeX2e packages
 (CN)
)
\l__siunitx_table_tmp_box=\box80
\l__siunitx_table_tmp_dim=\dimen298
\l__siunitx_table_column_width_dim=\dimen299
\l__siunitx_table_integer_box=\box81
\l__siunitx_table_decimal_box=\box82
\l__siunitx_table_uncert_box=\box83
\l__siunitx_table_before_box=\box84
\l__siunitx_table_after_box=\box85
\l__siunitx_table_before_dim=\dimen300
\l__siunitx_table_carry_dim=\dimen301
\l__siunitx_unit_tmp_int=\count371
\l__siunitx_unit_position_int=\count372
\l__siunitx_unit_total_int=\count373
 (/home/leander/.local/texlive/2024/texmf-dist/tex/latex/tools/array.sty
Package: array 2024/06/14 v2.6d Tabular extension package (FMi)
\col@sep=\dimen302
\ar@mcellbox=\box86
\extrarowheight=\dimen303
\NC@list=\toks48
\extratabsurround=\skip66
\backup@length=\skip67
\ar@cellbox=\box87
))
(/home/leander/.local/texlive/2024/texmf-dist/tex/latex/mathtools/mathtools.sty
Package: mathtools 2024/10/04 v1.31 mathematical typesetting tools
(/home/leander/.local/texlive/2024/texmf-dist/tex/latex/tools/calc.sty
Package: calc 2023/07/08 v4.3 Infix arithmetic (KKT,FJ)
\calc@Acount=\count374
\calc@Bcount=\count375
\calc@Adimen=\dimen304
\calc@Bdimen=\dimen305
\calc@Askip=\skip68
\calc@Bskip=\skip69
LaTeX Info: Redefining \setlength on input line 80.
LaTeX Info: Redefining \addtolength on input line 81.
\calc@Ccount=\count376
\calc@Cskip=\skip70
)
(/home/leander/.local/texlive/2024/texmf-dist/tex/latex/mathtools/mhsetup.sty
Package: mhsetup 2021/03/18 v1.4 programming setup (MH)
)
\g_MT_multlinerow_int=\count377
\l_MT_multwidth_dim=\dimen306
\origjot=\skip71
\l_MT_shortvdotswithinadjustabove_dim=\dimen307
\l_MT_shortvdotswithinadjustbelow_dim=\dimen308
\l_MT_above_intertext_sep=\dimen309
\l_MT_below_intertext_sep=\dimen310
\l_MT_above_shortintertext_sep=\dimen311
\l_MT_below_shortintertext_sep=\dimen312
\xmathstrut@box=\box88
\xmathstrut@dim=\dimen313
) (/home/leander/.local/texlive/2024/texmf-dist/tex/latex/bookmark/bookmark.sty
Package: bookmark 2023-12-10 v1.31 PDF bookmarks (HO)

(/home/leander/.local/texlive/2024/texmf-dist/tex/latex/bookmark/bkm-pdftex.def
File: bkm-pdftex.def 2023-12-10 v1.31 bookmark driver for pdfTeX and luaTeX (HO
)
\BKM@id=\count378
)) (/home/leander/texmf/tex/latex/tudobeamertheme/beamerthemetudo.sty
Package: beamerthemetudo 2019/01/29

(/home/leander/.local/texlive/2024/texmf-dist/tex/generic/iftex/ifluatex.sty
Package: ifluatex 2019/10/25 v1.5 ifluatex legacy package. Use iftex instead.
)
(/home/leander/.local/texlive/2024/texmf-dist/tex/generic/iftex/ifxetex.sty
Package: ifxetex 2019/10/25 v0.7 ifxetex legacy package. Use iftex instead.
)
(/home/leander/.local/texlive/2024/texmf-dist/tex/latex/beamer/beamerfontthemep
rofessionalfonts.sty)
(/home/leander/.local/texlive/2024/texmf-dist/tex/latex/unicode-math/unicode-ma
th.sty
Package: unicode-math 2023/08/13 v0.8r Unicode maths in XeLaTeX and LuaLaTeX

(/home/leander/.local/texlive/2024/texmf-dist/tex/latex/unicode-math/unicode-ma
th-luatex.sty
Package: unicode-math-luatex 2023/08/13 v0.8r Unicode maths in XeLaTeX and LuaL
aTeX

(/home/leander/.local/texlive/2024/texmf-dist/tex/latex/l3packages/l3keys2e/l3k
eys2e.sty
Package: l3keys2e 2024-08-16 LaTeX2e option processing using LaTeX3 keys
)
(/home/leander/.local/texlive/2024/texmf-dist/tex/latex/base/fix-cm.sty
Package: fix-cm 2020/11/24 v1.1t fixes to LaTeX

(/home/leander/.local/texlive/2024/texmf-dist/tex/latex/base/ts1enc.def
File: ts1enc.def 2001/06/05 v3.0e (jk/car/fm) Standard LaTeX file
LaTeX Font Info:    Redeclaring font encoding TS1 on input line 47.
))
(/home/leander/.local/texlive/2024/texmf-dist/tex/lualatex/lualatex-math/lualat
ex-math.sty
Package: lualatex-math 2022/01/01 v1.12 Patches for mathematics typesetting wit
h LuaLaTeX
Lua module: lualatex-math 2013/08/03 1.3 Patches for mathematics typesetting wit
h LuaLaTeX)
\g__um_fam_int=\count379
\g__um_fonts_used_int=\count380
\l__um_primecount_int=\count381
\g__um_primekern_muskip=\muskip19

(/home/leander/.local/texlive/2024/texmf-dist/tex/latex/unicode-math/unicode-ma
th-table.tex)))
luaotfload | cache : Lookup cache loaded from /home/leander/.local/texlive/2024/
texmf-var/luatex-cache/generic/names/luaotfload-lookup-cache.luc.
luaotfload | db : Reload initiated (formats: otf,ttf,ttc); reason: Font "Akkurat
 Light Office" not found.

Package fontspec Info: 
(fontspec)             Fira Sans Light scale = 0.8489459574233577.


Package fontspec Info: 
(fontspec)             Fira Sans Light scale = 0.8489459574233577.


Package fontspec Info: 
(fontspec)             Fira Sans Light scale = 0.8489459574233577.


Package fontspec Info: 
(fontspec)             Fira Sans Medium scale = 0.8393169624829337.


Package fontspec Info: 
(fontspec)             Fira Sans Medium scale = 0.8393169624829337.


Package fontspec Info: 
(fontspec)             Fira Sans Light Italic scale = 0.8489459574233577.


Package fontspec Info: 
(fontspec)             Fira Sans Light Italic scale = 0.8489459574233577.


Package fontspec Info: 
(fontspec)             Fira Sans Medium Italic scale = 0.8393169624829337.


Package fontspec Info: 
(fontspec)             Fira Sans Medium Italic scale = 0.8393169624829337.


Package fontspec Info: 
(fontspec)             Font family 'FiraSansLight(0)' created for font 'Fira
(fontspec)             Sans Light' with options
(fontspec)             [Renderer=Harfbuzz,Ligatures=TeX,Scale=MatchLowercase,Bo
ldFont=Fira
(fontspec)             Sans Medium,ItalicFont=Fira Sans Light
(fontspec)             Italic,BoldItalicFont=Fira Sans Medium Italic].
(fontspec)              
(fontspec)              This font family consists of the following NFSS
(fontspec)             series/shapes:
(fontspec)              
(fontspec)             - 'normal' (m/n) with NFSS spec.:
(fontspec)             <->s*[0.8489459574233577]"name:Fira Sans
(fontspec)             Light:mode=harf;script=latn;language=dflt;+tlig;"
(fontspec)             - 'small caps'  (m/sc) with NFSS spec.:
(fontspec)             <->s*[0.8489459574233577]"name:Fira Sans
(fontspec)             Light:mode=harf;script=latn;language=dflt;+tlig;+smcp;"
(fontspec)             - 'bold' (b/n) with NFSS spec.:
(fontspec)             <->s*[0.8393169624829337]"name:Fira Sans
(fontspec)             Medium:mode=harf;script=latn;language=dflt;+tlig;"
(fontspec)             - 'bold small caps'  (b/sc) with NFSS spec.:
(fontspec)             <->s*[0.8393169624829337]"name:Fira Sans
(fontspec)             Medium:mode=harf;script=latn;language=dflt;+tlig;+smcp;"

(fontspec)             - 'italic' (m/it) with NFSS spec.:
(fontspec)             <->s*[0.8489459574233577]"name:Fira Sans Light
(fontspec)             Italic:mode=harf;script=latn;language=dflt;+tlig;"
(fontspec)             - 'italic small caps'  (m/scit) with NFSS spec.:
(fontspec)             <->s*[0.8489459574233577]"name:Fira Sans Light
(fontspec)             Italic:mode=harf;script=latn;language=dflt;+tlig;+smcp;"

(fontspec)             - 'bold italic' (b/it) with NFSS spec.:
(fontspec)             <->s*[0.8393169624829337]"name:Fira Sans Medium
(fontspec)             Italic:mode=harf;script=latn;language=dflt;+tlig;"
(fontspec)             - 'bold italic small caps'  (b/scit) with NFSS spec.:
(fontspec)             <->s*[0.8393169624829337]"name:Fira Sans Medium
(fontspec)             Italic:mode=harf;script=latn;language=dflt;+tlig;+smcp;"


LaTeX Font Info:    Font shape `TU/FiraSansLight(0)/m/n' will be
(Font)              scaled to size 7.64058pt on input line 49.

Package fontspec Info: 
(fontspec)             Fira Sans Light scale = 0.8489491991351113.


Package fontspec Info: 
(fontspec)             Fira Sans Light scale = 0.8489491991351113.


Package fontspec Info: 
(fontspec)             Fira Sans Light scale = 0.8489491991351113.


Package fontspec Info: 
(fontspec)             Fira Sans Medium scale = 0.8393201674262383.


Package fontspec Info: 
(fontspec)             Fira Sans Medium scale = 0.8393201674262383.


Package fontspec Info: 
(fontspec)             Fira Sans Light Italic scale = 0.8489491991351113.


Package fontspec Info: 
(fontspec)             Fira Sans Light Italic scale = 0.8489491991351113.


Package fontspec Info: 
(fontspec)             Fira Sans Medium Italic scale = 0.8393201674262383.


Package fontspec Info: 
(fontspec)             Fira Sans Medium Italic scale = 0.8393201674262383.


Package fontspec Info: 
(fontspec)             Font family 'FiraSansLight(1)' created for font 'Fira
(fontspec)             Sans Light' with options
(fontspec)             [Renderer=Harfbuzz,Renderer=Basic,Scale=MatchLowercase,B
oldFont=Fira
(fontspec)             Sans Medium,ItalicFont=Fira Sans Light
(fontspec)             Italic,BoldItalicFont=Fira Sans Medium Italic].
(fontspec)              
(fontspec)              This font family consists of the following NFSS
(fontspec)             series/shapes:
(fontspec)              
(fontspec)             - 'normal' (m/n) with NFSS spec.:
(fontspec)             <->s*[0.8489491991351113]"name:Fira Sans
(fontspec)             Light:mode=base;script=latn;language=dflt;"
(fontspec)             - 'small caps'  (m/sc) with NFSS spec.:
(fontspec)             <->s*[0.8489491991351113]"name:Fira Sans
(fontspec)             Light:mode=base;script=latn;language=dflt;+smcp;"
(fontspec)             - 'bold' (b/n) with NFSS spec.:
(fontspec)             <->s*[0.8393201674262383]"name:Fira Sans
(fontspec)             Medium:mode=base;script=latn;language=dflt;"
(fontspec)             - 'bold small caps'  (b/sc) with NFSS spec.:
(fontspec)             <->s*[0.8393201674262383]"name:Fira Sans
(fontspec)             Medium:mode=base;script=latn;language=dflt;+smcp;"
(fontspec)             - 'italic' (m/it) with NFSS spec.:
(fontspec)             <->s*[0.8489491991351113]"name:Fira Sans Light
(fontspec)             Italic:mode=base;script=latn;language=dflt;"
(fontspec)             - 'italic small caps'  (m/scit) with NFSS spec.:
(fontspec)             <->s*[0.8489491991351113]"name:Fira Sans Light
(fontspec)             Italic:mode=base;script=latn;language=dflt;+smcp;"
(fontspec)             - 'bold italic' (b/it) with NFSS spec.:
(fontspec)             <->s*[0.8393201674262383]"name:Fira Sans Medium
(fontspec)             Italic:mode=base;script=latn;language=dflt;"
(fontspec)             - 'bold italic small caps'  (b/scit) with NFSS spec.:
(fontspec)             <->s*[0.8393201674262383]"name:Fira Sans Medium
(fontspec)             Italic:mode=base;script=latn;language=dflt;+smcp;"

LaTeX Font Info:    Overwriting math alphabet `\mathsf' in version `normal'
(Font)                  OT1/cmss/m/n --> TU/FiraSansLight(1)/m/n on input line 
49.
LaTeX Font Info:    Overwriting math alphabet `\mathsf' in version `bold'
(Font)                  OT1/cmss/bx/n --> TU/FiraSansLight(1)/bx/n on input lin
e 49.

Package fontspec Info: 
(fontspec)             Fira Mono scale = 0.8425063859631063.


Package fontspec Info: 
(fontspec)             Fira Mono scale = 0.8425063859631063.


Package fontspec Info: 
(fontspec)             Fira Mono/B scale = 0.8361579575859362.


Package fontspec Info: 
(fontspec)             Fira Mono/I scale = 0.8425063859631063.


Package fontspec Info: 
(fontspec)             Fira Mono/BI scale = 0.8361579575859362.


Package fontspec Info: 
(fontspec)             Font family 'FiraMono(0)' created for font 'Fira Mono'
(fontspec)             with options
(fontspec)             [Renderer=Harfbuzz,WordSpace={1,0,0},HyphenChar=None,Pun
ctuationSpace=WordSpace,Scale=MatchLowercase].
(fontspec)              
(fontspec)              This font family consists of the following NFSS
(fontspec)             series/shapes:
(fontspec)              
(fontspec)             - 'normal' (m/n) with NFSS spec.:
(fontspec)             <->s*[0.8425063859631063]"name:Fira
(fontspec)             Mono:mode=harf;script=latn;language=dflt;"
(fontspec)             - 'bold' (b/n) with NFSS spec.:
(fontspec)             <->s*[0.8361579575859362]"name:Fira
(fontspec)             Mono/B:mode=harf;script=latn;language=dflt;"
(fontspec)             - 'italic' (m/it) with NFSS spec.:
(fontspec)             <->s*[0.8425063859631063]"name:Fira
(fontspec)             Mono/I:mode=harf;script=latn;language=dflt;"
(fontspec)             - 'bold italic' (b/it) with NFSS spec.:
(fontspec)             <->s*[0.8361579575859362]"name:Fira
(fontspec)             Mono/BI:mode=harf;script=latn;language=dflt;"


Package fontspec Info: 
(fontspec)             Fira Mono scale = 0.8425063859631063.


Package fontspec Info: 
(fontspec)             Fira Mono scale = 0.8425063859631063.

luaotfload | aux : font no 47 (nil) does not define feature smcp for script latn
 with language dflt
luaotfload | aux : font no 47 (nil) does not define feature smcp for script latn
 with language dflt
luaotfload | aux : font no 47 (nil) does not define feature smcp for script dflt
 with language dflt
luaotfload | aux : font no 47 (nil) does not define feature smcp for script latn
 with language dflt
luaotfload | aux : font no 47 (nil) does not define feature smcp for script latn
 with language dflt
luaotfload | aux : font no 47 (nil) does not define feature smcp for script dflt
 with language dflt

Package fontspec Info: 
(fontspec)             Fira Mono/B scale = 0.8361579575859362.

luaotfload | aux : font no 48 (nil) does not define feature smcp for script latn
 with language dflt
luaotfload | aux : font no 48 (nil) does not define feature smcp for script latn
 with language dflt
luaotfload | aux : font no 48 (nil) does not define feature smcp for script dflt
 with language dflt
luaotfload | aux : font no 48 (nil) does not define feature smcp for script latn
 with language dflt
luaotfload | aux : font no 48 (nil) does not define feature smcp for script latn
 with language dflt
luaotfload | aux : font no 48 (nil) does not define feature smcp for script dflt
 with language dflt

Package fontspec Info: 
(fontspec)             Fira Mono/I scale = 0.8425063859631063.

luaotfload | aux : font no 49 (nil) does not define feature smcp for script latn
 with language dflt
luaotfload | aux : font no 49 (nil) does not define feature smcp for script latn
 with language dflt
luaotfload | aux : font no 49 (nil) does not define feature smcp for script dflt
 with language dflt
luaotfload | aux : font no 49 (nil) does not define feature smcp for script latn
 with language dflt
luaotfload | aux : font no 49 (nil) does not define feature smcp for script latn
 with language dflt
luaotfload | aux : font no 49 (nil) does not define feature smcp for script dflt
 with language dflt

Package fontspec Info: 
(fontspec)             Fira Mono/BI scale = 0.8361579575859362.

luaotfload | aux : font no 50 (nil) does not define feature smcp for script latn
 with language dflt
luaotfload | aux : font no 50 (nil) does not define feature smcp for script latn
 with language dflt
luaotfload | aux : font no 50 (nil) does not define feature smcp for script dflt
 with language dflt
luaotfload | aux : font no 50 (nil) does not define feature smcp for script latn
 with language dflt
luaotfload | aux : font no 50 (nil) does not define feature smcp for script latn
 with language dflt
luaotfload | aux : font no 50 (nil) does not define feature smcp for script dflt
 with language dflt

Package fontspec Info: 
(fontspec)             Font family 'FiraMono(1)' created for font 'Fira Mono'
(fontspec)             with options
(fontspec)             [Renderer=Harfbuzz,Renderer=Basic,Scale=MatchLowercase].

(fontspec)              
(fontspec)              This font family consists of the following NFSS
(fontspec)             series/shapes:
(fontspec)              
(fontspec)             - 'normal' (m/n) with NFSS spec.:
(fontspec)             <->s*[0.8425063859631063]"name:Fira
(fontspec)             Mono:mode=base;script=latn;language=dflt;"
(fontspec)             - 'bold' (b/n) with NFSS spec.:
(fontspec)             <->s*[0.8361579575859362]"name:Fira
(fontspec)             Mono/B:mode=base;script=latn;language=dflt;"
(fontspec)             - 'italic' (m/it) with NFSS spec.:
(fontspec)             <->s*[0.8425063859631063]"name:Fira
(fontspec)             Mono/I:mode=base;script=latn;language=dflt;"
(fontspec)             - 'bold italic' (b/it) with NFSS spec.:
(fontspec)             <->s*[0.8361579575859362]"name:Fira
(fontspec)             Mono/BI:mode=base;script=latn;language=dflt;"

LaTeX Font Info:    Overwriting math alphabet `\mathtt' in version `normal'
(Font)                  OT1/cmtt/m/n --> TU/FiraMono(1)/m/n on input line 50.
LaTeX Font Info:    Overwriting math alphabet `\mathtt' in version `bold'
(Font)                  OT1/cmtt/m/n --> TU/FiraMono(1)/bx/n on input line 50.

Package fontspec Info: 
(fontspec)             Fira Math scale = 0.8425063859631063.


Package fontspec Info: 
(fontspec)             Could not resolve font "Fira Math/B" (it probably
(fontspec)             doesn't exist).


Package fontspec Info: 
(fontspec)             Fira Math scale = 0.8425063859631063.


Package fontspec Info: 
(fontspec)             Font family 'FiraMath(0)' created for font 'Fira Math'
(fontspec)             with options
(fontspec)             [Renderer=Harfbuzz,Renderer=Basic,BoldItalicFont={},Ital
icFont={},SmallCapsFont={},Script=Math,RawFeature={mathfontdimen=xetex},Scale={
MatchLowercase}].
(fontspec)              
(fontspec)              This font family consists of the following NFSS
(fontspec)             series/shapes:
(fontspec)              
(fontspec)             - 'normal' (m/n) with NFSS spec.:
(fontspec)             <->s*[0.8425063859631063]"name:Fira
(fontspec)             Math:mode=base;script=math;language=dflt;mathfontdimen=x
etex;"

LaTeX Font Info:    Font shape `TU/FiraMath(0)/m/n' will be
(Font)              scaled to size 7.58249pt on input line 51.

Package fontspec Info: 
(fontspec)             Fira Math scale = 0.8425063859631063.


Package fontspec Info: 
(fontspec)             Could not resolve font "Fira Math/B" (it probably
(fontspec)             doesn't exist).


Package fontspec Info: 
(fontspec)             Fira Math scale = 0.8425063859631063.


Package fontspec Info: 
(fontspec)             Fira Math scale = 0.8425063859631063.


Package fontspec Info: 
(fontspec)             Fira Math scale = 0.8425063859631063.


Package fontspec Info: 
(fontspec)             Font family 'FiraMath(1)' created for font 'Fira Math'
(fontspec)             with options
(fontspec)             [Renderer=Harfbuzz,Renderer=Basic,BoldItalicFont={},Ital
icFont={},SmallCapsFont={},Script=Math,SizeFeatures={{Size=7.74-},{Size=5.85-7.
74,Font=Fira
(fontspec)             Math,Style=MathScript},{Size=-5.85,Font=Fira
(fontspec)             Math,Style=MathScriptScript}},RawFeature={mathfontdimen=
xetex},Scale={MatchLowercase}].
(fontspec)              
(fontspec)              This font family consists of the following NFSS
(fontspec)             series/shapes:
(fontspec)              
(fontspec)             - 'normal' (m/n) with NFSS spec.:
(fontspec)             <7.74->s*[0.8425063859631063]"name:Fira
(fontspec)             Math:mode=base;script=math;language=dflt;mathfontdimen=x
etex;"<5.85-7.74>s*[0.8425063859631063]"name:Fira
(fontspec)             Math:mode=base;script=math;language=dflt;mathfontdimen=x
etex;+ssty=0;"<-5.85>s*[0.8425063859631063]"name:Fira
(fontspec)             Math:mode=base;script=math;language=dflt;mathfontdimen=x
etex;+ssty=1;"

LaTeX Font Info:    Font shape `TU/FiraMath(1)/m/n' will be
(Font)              scaled to size 7.58249pt on input line 51.
LaTeX Font Info:    Encoding `OT1' has changed to `TU' for symbol font
(Font)              `operators' in the math version `normal' on input line 51.
LaTeX Font Info:    Overwriting symbol font `operators' in version `normal'
(Font)                  OT1/cmr/m/n --> TU/FiraMath(1)/m/n on input line 51.
LaTeX Font Info:    Encoding `OT1' has changed to `TU' for symbol font
(Font)              `operators' in the math version `bold' on input line 51.
LaTeX Font Info:    Overwriting symbol font `operators' in version `bold'
(Font)                  OT1/cmr/bx/n --> TU/FiraMath(1)/b/n on input line 51.

Package fontspec Info: 
(fontspec)             Fira Math scale = 0.8425063859631063.


Package fontspec Info: 
(fontspec)             Could not resolve font "Fira Math/B" (it probably
(fontspec)             doesn't exist).


Package fontspec Info: 
(fontspec)             Fira Math scale = 0.8425063859631063.


Package fontspec Info: 
(fontspec)             Fira Math scale = 0.8425063859631063.


Package fontspec Info: 
(fontspec)             Fira Math scale = 0.8425063859631063.


Package fontspec Info: 
(fontspec)             Font family 'FiraMath(2)' created for font 'Fira Math'
(fontspec)             with options
(fontspec)             [Renderer=Harfbuzz,Renderer=Basic,BoldItalicFont={},Ital
icFont={},SmallCapsFont={},Script=Math,SizeFeatures={{Size=7.74-},{Size=5.85-7.
74,Font=Fira
(fontspec)             Math,Style=MathScript},{Size=-5.85,Font=Fira
(fontspec)             Math,Style=MathScriptScript}},RawFeature={mathfontdimen=
xetex},Scale={MatchLowercase},RawFeature={mathfontdimen=tex2}].
(fontspec)              
(fontspec)              This font family consists of the following NFSS
(fontspec)             series/shapes:
(fontspec)              
(fontspec)             - 'normal' (m/n) with NFSS spec.:
(fontspec)             <7.74->s*[0.8425063859631063]"name:Fira
(fontspec)             Math:mode=base;script=math;language=dflt;mathfontdimen=x
etex;mathfontdimen=tex2;"<5.85-7.74>s*[0.8425063859631063]"name:Fira
(fontspec)             Math:mode=base;script=math;language=dflt;mathfontdimen=x
etex;mathfontdimen=tex2;+ssty=0;"<-5.85>s*[0.8425063859631063]"name:Fira
(fontspec)             Math:mode=base;script=math;language=dflt;mathfontdimen=x
etex;mathfontdimen=tex2;+ssty=1;"

LaTeX Font Info:    Encoding `OMS' has changed to `TU' for symbol font
(Font)              `symbols' in the math version `normal' on input line 51.
LaTeX Font Info:    Overwriting symbol font `symbols' in version `normal'
(Font)                  OMS/cmsy/m/n --> TU/FiraMath(2)/m/n on input line 51.
LaTeX Font Info:    Encoding `OMS' has changed to `TU' for symbol font
(Font)              `symbols' in the math version `bold' on input line 51.
LaTeX Font Info:    Overwriting symbol font `symbols' in version `bold'
(Font)                  OMS/cmsy/b/n --> TU/FiraMath(2)/b/n on input line 51.

Package fontspec Info: 
(fontspec)             Fira Math scale = 0.8425063859631063.


Package fontspec Info: 
(fontspec)             Could not resolve font "Fira Math/B" (it probably
(fontspec)             doesn't exist).


Package fontspec Info: 
(fontspec)             Fira Math scale = 0.8425063859631063.


Package fontspec Info: 
(fontspec)             Fira Math scale = 0.8425063859631063.


Package fontspec Info: 
(fontspec)             Fira Math scale = 0.8425063859631063.


Package fontspec Info: 
(fontspec)             Font family 'FiraMath(3)' created for font 'Fira Math'
(fontspec)             with options
(fontspec)             [Renderer=Harfbuzz,Renderer=Basic,BoldItalicFont={},Ital
icFont={},SmallCapsFont={},Script=Math,SizeFeatures={{Size=7.74-},{Size=5.85-7.
74,Font=Fira
(fontspec)             Math,Style=MathScript},{Size=-5.85,Font=Fira
(fontspec)             Math,Style=MathScriptScript}},RawFeature={mathfontdimen=
xetex},Scale={MatchLowercase},RawFeature={mathfontdimen=tex3}].
(fontspec)              
(fontspec)              This font family consists of the following NFSS
(fontspec)             series/shapes:
(fontspec)              
(fontspec)             - 'normal' (m/n) with NFSS spec.:
(fontspec)             <7.74->s*[0.8425063859631063]"name:Fira
(fontspec)             Math:mode=base;script=math;language=dflt;mathfontdimen=x
etex;mathfontdimen=tex3;"<5.85-7.74>s*[0.8425063859631063]"name:Fira
(fontspec)             Math:mode=base;script=math;language=dflt;mathfontdimen=x
etex;mathfontdimen=tex3;+ssty=0;"<-5.85>s*[0.8425063859631063]"name:Fira
(fontspec)             Math:mode=base;script=math;language=dflt;mathfontdimen=x
etex;mathfontdimen=tex3;+ssty=1;"

LaTeX Font Info:    Encoding `OMX' has changed to `TU' for symbol font
(Font)              `largesymbols' in the math version `normal' on input line 5
1.
LaTeX Font Info:    Overwriting symbol font `largesymbols' in version `normal'
(Font)                  OMX/cmex/m/n --> TU/FiraMath(3)/m/n on input line 51.
LaTeX Font Info:    Encoding `OMX' has changed to `TU' for symbol font
(Font)              `largesymbols' in the math version `bold' on input line 51.

LaTeX Font Info:    Overwriting symbol font `largesymbols' in version `bold'
(Font)                  OMX/cmex/m/n --> TU/FiraMath(3)/b/n on input line 51.
LaTeX Font Info:    Font shape `TU/FiraMath(1)/m/n' will be
(Font)              scaled to size 5.45938pt on input line 51.
LaTeX Font Info:    Font shape `TU/FiraMath(1)/m/n' will be
(Font)              scaled to size 4.39784pt on input line 51.
LaTeX Font Info:    Font shape `TU/FiraMath(2)/m/n' will be
(Font)              scaled to size 7.58249pt on input line 51.
LaTeX Font Info:    Font shape `TU/FiraMath(2)/m/n' will be
(Font)              scaled to size 5.45938pt on input line 51.
LaTeX Font Info:    Font shape `TU/FiraMath(2)/m/n' will be
(Font)              scaled to size 4.39784pt on input line 51.
LaTeX Font Info:    Font shape `TU/FiraMath(3)/m/n' will be
(Font)              scaled to size 7.58249pt on input line 51.
LaTeX Font Info:    Font shape `TU/FiraMath(3)/m/n' will be
(Font)              scaled to size 5.45938pt on input line 51.
LaTeX Font Info:    Font shape `TU/FiraMath(3)/m/n' will be
(Font)              scaled to size 4.39784pt on input line 51.
LaTeX Font Info:    Trying to load font information for U+msa on input line 51.


(/home/leander/.local/texlive/2024/texmf-dist/tex/latex/amsfonts/umsa.fd
File: umsa.fd 2013/01/14 v3.01 AMS symbols A
)
LaTeX Font Info:    Trying to load font information for U+msb on input line 51.


(/home/leander/.local/texlive/2024/texmf-dist/tex/latex/amsfonts/umsb.fd
File: umsb.fd 2013/01/14 v3.01 AMS symbols B
)
\headerheight=\skip72
\footerleftwidth=\skip73
\footercenterwidth=\skip74
\footerrightwidth=\skip75
Package hyperref Info: Option `colorlinks' set `true' on input line 246.
)
Package csquotes Info: Checking for multilingual support...
Package csquotes Info: ... found 'polyglossia' package.
Package csquotes Info: Adjusting default style.
Package csquotes Info: Redefining alias 'default' -> 'ngerman'.

(./dpg_presentation.aux)
\openout1 = dpg_presentation.aux

LaTeX Font Info:    Checking defaults for OML/cmm/m/it on input line 33.
LaTeX Font Info:    ... okay on input line 33.
LaTeX Font Info:    Checking defaults for OMS/cmsy/m/n on input line 33.
LaTeX Font Info:    ... okay on input line 33.
LaTeX Font Info:    Checking defaults for OT1/cmr/m/n on input line 33.
LaTeX Font Info:    ... okay on input line 33.
LaTeX Font Info:    Checking defaults for T1/cmr/m/n on input line 33.
LaTeX Font Info:    ... okay on input line 33.
LaTeX Font Info:    Checking defaults for TS1/cmr/m/n on input line 33.
LaTeX Font Info:    ... okay on input line 33.
LaTeX Font Info:    Checking defaults for TU/lmr/m/n on input line 33.
LaTeX Font Info:    ... okay on input line 33.
LaTeX Font Info:    Checking defaults for OMX/cmex/m/n on input line 33.
LaTeX Font Info:    ... okay on input line 33.
LaTeX Font Info:    Checking defaults for U/cmr/m/n on input line 33.
LaTeX Font Info:    ... okay on input line 33.
LaTeX Font Info:    Checking defaults for PD1/pdf/m/n on input line 33.
LaTeX Font Info:    ... okay on input line 33.
LaTeX Font Info:    Checking defaults for PU/pdf/m/n on input line 33.
LaTeX Font Info:    ... okay on input line 33.

*geometry* driver: auto-detecting
*geometry* detected driver: luatex
*geometry* verbose mode - [ preamble ] result:
* driver: luatex
* paper: custom
* layout: <same size as paper>
* layoutoffset:(h,v)=(0.0pt,0.0pt)
* modes: includehead includefoot 
* h-part:(L,W,R)=(15.0pt, 425.24408pt, 15.0pt)
* v-part:(T,H,B)=(0.0pt, 284.52756pt, 0.0pt)
* \paperwidth=455.24408pt
* \paperheight=284.52756pt
* \textwidth=425.24408pt
* \textheight=256.07483pt
* \oddsidemargin=-57.26999pt
* \evensidemargin=-57.26999pt
* \topmargin=-72.26999pt
* \headheight=14.22636pt
* \headsep=0.0pt
* \topskip=9.0pt
* \footskip=14.22636pt
* \marginparwidth=4.0pt
* \marginparsep=10.0pt
* \columnsep=10.0pt
* \skip\footins=8.0pt plus 4.0pt minus 2.0pt
* \hoffset=0.0pt
* \voffset=0.0pt
* \mag=1000
* \@twocolumnfalse
* \@twosidefalse
* \@mparswitchfalse
* \@reversemarginfalse
* (1in=72.27pt=25.4mm, 1cm=28.453pt)


(/home/leander/.local/texlive/2024/texmf-dist/tex/context/base/mkii/supp-pdf.mk
ii
[Loading MPS to PDF converter (version 2006.09.02).]
\scratchcounter=\count382
\scratchdimen=\dimen314
\scratchbox=\box89
\nofMPsegments=\count383
\nofMParguments=\count384
\everyMPshowfont=\toks49
\MPscratchCnt=\count385
\MPscratchDim=\dimen315
\MPnumerator=\count386
\makeMPintoPDFobject=\count387
\everyMPtoPDFconversion=\toks50
)
(/home/leander/.local/texlive/2024/texmf-dist/tex/latex/epstopdf-pkg/epstopdf-b
ase.sty
Package: epstopdf-base 2020-01-24 v2.11 Base part for package epstopdf
Package epstopdf-base Info: Redefining graphics rule for `.eps' on input line 4
85.

(/home/leander/.local/texlive/2024/texmf-dist/tex/latex/latexconfig/epstopdf-sy
s.cfg
File: epstopdf-sys.cfg 2010/07/13 v1.3 Configuration of (r)epstopdf for TeX Liv
e
))
Package hyperref Info: Link coloring ON on input line 33.

(/home/leander/.local/texlive/2024/texmf-dist/tex/latex/translator/translator-b
asic-dictionary-English.dict
Dictionary: translator-basic-dictionary, Language: English 
)
(/home/leander/.local/texlive/2024/texmf-dist/tex/latex/translator/translator-b
ibliography-dictionary-English.dict
Dictionary: translator-bibliography-dictionary, Language: English 
)
(/home/leander/.local/texlive/2024/texmf-dist/tex/latex/translator/translator-e
nvironment-dictionary-English.dict
Dictionary: translator-environment-dictionary, Language: English 
)
(/home/leander/.local/texlive/2024/texmf-dist/tex/latex/translator/translator-m
onths-dictionary-English.dict
Dictionary: translator-months-dictionary, Language: English 
)
(/home/leander/.local/texlive/2024/texmf-dist/tex/latex/translator/translator-n
umbers-dictionary-English.dict
Dictionary: translator-numbers-dictionary, Language: English 
)
(/home/leander/.local/texlive/2024/texmf-dist/tex/latex/translator/translator-t
heorem-dictionary-English.dict
Dictionary: translator-theorem-dictionary, Language: English 
)
LaTeX Font Info:    Overwriting math alphabet `\mathrm' in version `normal'
(Font)                  TU/FiraMath(1)/m/n --> TU/lmr/m/n on input line 33.
LaTeX Font Info:    Overwriting math alphabet `\mathit' in version `normal'
(Font)                  OT1/cmr/m/it --> TU/lmr/m/it on input line 33.
LaTeX Font Info:    Overwriting math alphabet `\mathbf' in version `normal'
(Font)                  OT1/cmr/bx/n --> TU/lmr/bx/n on input line 33.


Package unicode-math Warning: Using \overbracket and \underbracket from
(unicode-math)                `mathtools' package.
(unicode-math)                 
(unicode-math)                 Use \Uoverbracket and \Uunderbracket for
(unicode-math)                original `unicode-math' definition.


Package unicode-math Warning: I'm going to overwrite the following commands
(unicode-math)                from the `mathtools' package: 
(unicode-math)                 
(unicode-math)                     \dblcolon, \coloneqq, \Coloneqq, \eqqcolon.
(unicode-math)                
(unicode-math)                 
(unicode-math)                 Note that since I won't overwrite the other
(unicode-math)                colon-like commands, using them will lead to
(unicode-math)                inconsistencies.

Module polyglossia Info: Language data for ngerman
(polyglossia)            hyphenation	
(polyglossia)            lefthyphenmin	2
(polyglossia)            loader	loadhyph-de-1996.tex
(polyglossia)            patterns	hyph-de-1996.pat.txt
(polyglossia)            righthyphenmin	2
(polyglossia)            synonyms	 on input line 33
Module polyglossia Info: Language ngerman was not yet loaded; created with id 3 
on input line 33
(./dpg_presentation.nav)
LaTeX Font Info:    Font shape `TU/FiraSansLight(0)/m/n' will be
(Font)              scaled to size 4.24477pt on input line 33.
LaTeX Font Info:    Font shape `TU/FiraSansLight(0)/b/n' will be
(Font)              scaled to size 4.19655pt on input line 33.

warning  (file logos/tu.pdf) (pdf inclusion): PDF inclusion: found PDF version '
1.7', but at most version '1.5' allowed
<logos/tu.pdf, id=13, 340.27126pt x 55.20625pt>
File: logos/tu.pdf Graphic file (type pdf)
<use logos/tu.pdf>
Package luatex.def Info: logos/tu.pdf  used on input line 33.
(luatex.def)             Requested size: 140.30132pt x 22.76271pt.
LaTeX Font Info:    Font shape `TU/FiraSansLight(0)/m/n' will be
(Font)              scaled to size 8.48953pt on input line 33.

Package hyperref Warning: Option `pdfauthor' has already been used,
(hyperref)                setting the option has no effect on input line 36.


! LaTeX Error: Can be used only in preamble.

See the LaTeX manual or LaTeX Companion for explanation.
Type  H <return>  for immediate help.
 ...                                              
                                                  
l.39 \begin{document}
                   
? 
File: logos/tu.pdf Graphic file (type pdf)
<use logos/tu.pdf>
Package luatex.def Info: logos/tu.pdf  used on input line 40.
(luatex.def)             Requested size: 140.30132pt x 22.76271pt.
<Plots/IceCube_webheader_fullcolor.pdf, id=14, 905.34837pt x 255.45137pt>
File: Plots/IceCube_webheader_fullcolor.pdf Graphic file (type pdf)
<use Plots/IceCube_webheader_fullcolor.pdf>
Package luatex.def Info: Plots/IceCube_webheader_fullcolor.pdf  used on input l
ine 40.
(luatex.def)             Requested size: 297.66956pt x 83.98738pt.
LaTeX Font Info:    Font shape `TU/FiraSansLight(0)/m/n' will be
(Font)              scaled to size 12.22491pt on input line 40.
LaTeX Font Info:    Font shape `TU/FiraSansLight(0)/b/n' will be
(Font)              scaled to size 12.08604pt on input line 40.
LaTeX Font Info:    Font shape `TU/FiraSansLight(0)/m/n' will be
(Font)              scaled to size 9.29602pt on input line 40.
LaTeX Font Info:    Font shape `TU/FiraSansLight(0)/b/n' will be
(Font)              scaled to size 8.3931pt on input line 40.


LaTeX Font Info:    Font shape `TU/FiraSansLight(0)/m/n' will be
(Font)              scaled to size 3.39581pt on input line 40.
File: logos/tu.pdf Graphic file (type pdf)
<use logos/tu.pdf>
Package luatex.def Info: logos/tu.pdf  used on input line 40.
(luatex.def)             Requested size: 140.30132pt x 22.76271pt.
[1

{/home/leander/.local/texlive/2024/texmf-var/fonts/map/pdftex/updmap/pdftex.map}
</home/leander/texmf/tex/latex/tudobeamertheme/logos/tu.pdf><./Plots/IceCube_web
header_fullcolor.pdf>]
File: logos/tu.pdf Graphic file (type pdf)
<use logos/tu.pdf>
Package luatex.def Info: logos/tu.pdf  used on input line 59.
(luatex.def)             Requested size: 140.30132pt x 22.76271pt.
<Plots/IceCube schematic.png, id=85, 609.27625pt x 483.8075pt>
File: Plots/IceCube schematic.png Graphic file (type png)
<use Plots/IceCube schematic.png>
Package luatex.def Info: Plots/IceCube schematic.png  used on input line 59.
(luatex.def)             Requested size: 255.14903pt x 202.60718pt.
LaTeX Font Info:    Font shape `TU/FiraSansLight(0)/b/n' will be
(Font)              scaled to size 7.55379pt on input line 59.
LaTeX Font Info:    Font shape `TU/FiraSansLight(1)/m/n' will be
(Font)              scaled to size 7.64058pt on input line 59.
LaTeX Font Info:    Font shape `TU/FiraSansLight(1)/m/n' will be
(Font)              scaled to size 5.5012pt on input line 59.
LaTeX Font Info:    Font shape `TU/FiraSansLight(1)/m/n' will be
(Font)              scaled to size 4.43153pt on input line 59.


File: logos/tu.pdf Graphic file (type pdf)
<use logos/tu.pdf>
Package luatex.def Info: logos/tu.pdf  used on input line 59.
(luatex.def)             Requested size: 140.30132pt x 22.76271pt.
[2

<./Plots/IceCube schematic.png>]
File: logos/tu.pdf Graphic file (type pdf)
<use logos/tu.pdf>
Package luatex.def Info: logos/tu.pdf  used on input line 74.
(luatex.def)             Requested size: 140.30132pt x 22.76271pt.
<Plots/Air Shower Illustration.png, id=94, 924.45375pt x 718.685pt>
File: Plots/Air Shower Illustration.png Graphic file (type png)
<use Plots/Air Shower Illustration.png>
Package luatex.def Info: Plots/Air Shower Illustration.png  used on input line 
74.
(luatex.def)             Requested size: 255.14903pt x 198.35727pt.

Overfull \vbox (0.44238pt too high) detected at line 74
 []



File: logos/tu.pdf Graphic file (type pdf)
<use logos/tu.pdf>
Package luatex.def Info: logos/tu.pdf  used on input line 74.
(luatex.def)             Requested size: 140.30132pt x 22.76271pt.
[3

<./Plots/Air shower illustration.png>]
File: logos/tu.pdf Graphic file (type pdf)
<use logos/tu.pdf>
Package luatex.def Info: logos/tu.pdf  used on input line 87.
(luatex.def)             Requested size: 140.30132pt x 22.76271pt.
<Plots/Prompt vs conventional flux.png, id=101, 782.925pt x 516.93124pt>
File: Plots/Prompt vs conventional flux.png Graphic file (type png)
<use Plots/Prompt vs conventional flux.png>
Package luatex.def Info: Plots/Prompt vs conventional flux.png  used on input l
ine 87.
(luatex.def)             Requested size: 255.14903pt x 168.45815pt.


File: logos/tu.pdf Graphic file (type pdf)
<use logos/tu.pdf>
Package luatex.def Info: logos/tu.pdf  used on input line 87.
(luatex.def)             Requested size: 140.30132pt x 22.76271pt.
[4

<./Plots/Prompt vs conventional flux.png>]
File: logos/tu.pdf Graphic file (type pdf)
<use logos/tu.pdf>
Package luatex.def Info: logos/tu.pdf  used on input line 102.
(luatex.def)             Requested size: 140.30132pt x 22.76271pt.
<Plots/prompt_flux_zenith.png, id=109, 774.895pt x 658.46pt>
File: Plots/prompt_flux_zenith.png Graphic file (type png)
<use Plots/prompt_flux_zenith.png>
Package luatex.def Info: Plots/prompt_flux_zenith.png  used on input line 102.
(luatex.def)             Requested size: 255.14903pt x 216.8102pt.

Overfull \vbox (12.89531pt too high) detected at line 102
 []



File: logos/tu.pdf Graphic file (type pdf)
<use logos/tu.pdf>
Package luatex.def Info: logos/tu.pdf  used on input line 102.
(luatex.def)             Requested size: 140.30132pt x 22.76271pt.
[5

<./Plots/prompt_flux_zenith.png>]
File: logos/tu.pdf Graphic file (type pdf)
<use logos/tu.pdf>
Package luatex.def Info: logos/tu.pdf  used on input line 110.
(luatex.def)             Requested size: 140.30132pt x 22.76271pt.
<Plots/muon puzzle.png, id=116, 1361.085pt x 634.37pt>
File: Plots/muon puzzle.png Graphic file (type png)
<use Plots/muon puzzle.png>
Package luatex.def Info: Plots/muon puzzle.png  used on input line 110.
(luatex.def)             Requested size: 382.71707pt x 178.3774pt.


File: logos/tu.pdf Graphic file (type pdf)
<use logos/tu.pdf>
Package luatex.def Info: logos/tu.pdf  used on input line 110.
(luatex.def)             Requested size: 140.30132pt x 22.76271pt.
[6

<./Plots/muon puzzle.png>]
File: logos/tu.pdf Graphic file (type pdf)
<use logos/tu.pdf>
Package luatex.def Info: logos/tu.pdf  used on input line 124.
(luatex.def)             Requested size: 140.30132pt x 22.76271pt.
<Plots/prompt_tagging.png, id=123, 450.68375pt x 286.06876pt>
File: Plots/prompt_tagging.png Graphic file (type png)
<use Plots/prompt_tagging.png>
Package luatex.def Info: Plots/prompt_tagging.png  used on input line 124.
(luatex.def)             Requested size: 170.09827pt x 107.96956pt.


File: logos/tu.pdf Graphic file (type pdf)
<use logos/tu.pdf>
Package luatex.def Info: logos/tu.pdf  used on input line 124.
(luatex.def)             Requested size: 140.30132pt x 22.76271pt.
[7

<./Plots/prompt_tagging.png>]
File: logos/tu.pdf Graphic file (type pdf)
<use logos/tu.pdf>
Package luatex.def Info: logos/tu.pdf  used on input line 136.
(luatex.def)             Requested size: 140.30132pt x 22.76271pt.
<Plots/DNN_architecture.png, id=130, 1261.71375pt x 725.71124pt>
File: Plots/DNN_architecture.png Graphic file (type png)
<use Plots/DNN_architecture.png>
Package luatex.def Info: Plots/DNN_architecture.png  used on input line 136.
(luatex.def)             Requested size: 255.14903pt x 146.7564pt.


File: logos/tu.pdf Graphic file (type pdf)
<use logos/tu.pdf>
Package luatex.def Info: logos/tu.pdf  used on input line 136.
(luatex.def)             Requested size: 140.30132pt x 22.76271pt.
[8

<./Plots/DNN_architecture.png>]
File: logos/tu.pdf Graphic file (type pdf)
<use logos/tu.pdf>
Package luatex.def Info: logos/tu.pdf  used on input line 144.
(luatex.def)             Requested size: 140.30132pt x 22.76271pt.
<Plots/bundle_correlation.pdf, id=137, 462.528pt x 346.896pt>
File: Plots/bundle_correlation.pdf Graphic file (type pdf)
<use Plots/bundle_correlation.pdf>
Package luatex.def Info: Plots/bundle_correlation.pdf  used on input line 144.
(luatex.def)             Requested size: 208.37193pt x 156.28172pt.
<Plots/entry_correlation.pdf, id=138, 462.528pt x 346.896pt>
File: Plots/entry_correlation.pdf Graphic file (type pdf)
<use Plots/entry_correlation.pdf>
Package luatex.def Info: Plots/entry_correlation.pdf  used on input line 144.
(luatex.def)             Requested size: 208.37193pt x 156.28172pt.


File: logos/tu.pdf Graphic file (type pdf)
<use logos/tu.pdf>
Package luatex.def Info: logos/tu.pdf  used on input line 144.
(luatex.def)             Requested size: 140.30132pt x 22.76271pt.
[9

<./Plots/bundle_correlation.pdf><./Plots/entry_correlation.pdf>]
File: logos/tu.pdf Graphic file (type pdf)
<use logos/tu.pdf>
Package luatex.def Info: logos/tu.pdf  used on input line 158.
(luatex.def)             Requested size: 140.30132pt x 22.76271pt.
<Plots/spectrum_(3.5,8.5,8)_10Y.png, id=213, 861.2175pt x 653.44125pt>
File: Plots/spectrum_(3.5,8.5,8)_10Y.png Graphic file (type png)
<use Plots/spectrum_(3.5,8.5,8)_10Y.png>
Package luatex.def Info: Plots/spectrum_(3.5,8.5,8)_10Y.png  used on input line
 158.
(luatex.def)             Requested size: 255.14903pt x 193.59106pt.


File: logos/tu.pdf Graphic file (type pdf)
<use logos/tu.pdf>
Package luatex.def Info: logos/tu.pdf  used on input line 158.
(luatex.def)             Requested size: 140.30132pt x 22.76271pt.
[10

<./Plots/spectrum_(3.5,8.5,8)_10Y.png>]
File: logos/tu.pdf Graphic file (type pdf)
<use logos/tu.pdf>
Package luatex.def Info: logos/tu.pdf  used on input line 171.
(luatex.def)             Requested size: 140.30132pt x 22.76271pt.
<Plots/injected norms.png, id=220, 455.301pt x 339.669pt>
File: Plots/injected norms.png Graphic file (type png)
<use Plots/injected norms.png>
Package luatex.def Info: Plots/injected norms.png  used on input line 171.
(luatex.def)             Requested size: 255.14903pt x 190.3481pt.


File: logos/tu.pdf Graphic file (type pdf)
<use logos/tu.pdf>
Package luatex.def Info: logos/tu.pdf  used on input line 171.
(luatex.def)             Requested size: 140.30132pt x 22.76271pt.
[11

<./Plots/injected norms.png>]
File: logos/tu.pdf Graphic file (type pdf)
<use logos/tu.pdf>
Package luatex.def Info: logos/tu.pdf  used on input line 184.
(luatex.def)             Requested size: 140.30132pt x 22.76271pt.
<Plots/background_statistic_chi2_(3.5,8.5,8)_10Yp.png, id=228, 884.30376pt x 58
3.17876pt>
File: Plots/background_statistic_chi2_(3.5,8.5,8)_10Yp.png Graphic file (type p
ng)
<use Plots/background_statistic_chi2_(3.5,8.5,8)_10Yp.png>
Package luatex.def Info: Plots/background_statistic_chi2_(3.5,8.5,8)_10Yp.png  
used on input line 184.
(luatex.def)             Requested size: 255.14903pt x 168.26324pt.


File: logos/tu.pdf Graphic file (type pdf)
<use logos/tu.pdf>
Package luatex.def Info: logos/tu.pdf  used on input line 184.
(luatex.def)             Requested size: 140.30132pt x 22.76271pt.
[12

<./Plots/background_statistic_chi2_(3.5,8.5,8)_10Yp.png>]
File: logos/tu.pdf Graphic file (type pdf)
<use logos/tu.pdf>
Package luatex.def Info: logos/tu.pdf  used on input line 198.
(luatex.def)             Requested size: 140.30132pt x 22.76271pt.
<Plots/TS_Distribution(3.5,8.5,8)_10Y.png, id=235, 812.03375pt x 591.20876pt>
File: Plots/TS_Distribution(3.5,8.5,8)_10Y.png Graphic file (type png)
<use Plots/TS_Distribution(3.5,8.5,8)_10Y.png>
Package luatex.def Info: Plots/TS_Distribution(3.5,8.5,8)_10Y.png  used on inpu
t line 198.
(luatex.def)             Requested size: 255.14903pt x 185.76263pt.


File: logos/tu.pdf Graphic file (type pdf)
<use logos/tu.pdf>
Package luatex.def Info: logos/tu.pdf  used on input line 198.
(luatex.def)             Requested size: 140.30132pt x 22.76271pt.
[13

<./Plots/TS_Distribution(3.5,8.5,8)_10Y.png>]
File: logos/tu.pdf Graphic file (type pdf)
<use logos/tu.pdf>
Package luatex.def Info: logos/tu.pdf  used on input line 211.
(luatex.def)             Requested size: 140.30132pt x 22.76271pt.
<Plots/SnowStormEnsemble.png, id=242, 606.265pt x 597.23125pt>
File: Plots/SnowStormEnsemble.png Graphic file (type png)
<use Plots/SnowStormEnsemble.png>
Package luatex.def Info: Plots/SnowStormEnsemble.png  used on input line 211.
(luatex.def)             Requested size: 204.12pt x 201.07841pt.


File: logos/tu.pdf Graphic file (type pdf)
<use logos/tu.pdf>
Package luatex.def Info: logos/tu.pdf  used on input line 211.
(luatex.def)             Requested size: 140.30132pt x 22.76271pt.
[14

<./Plots/SnowStormEnsemble.png>]
File: logos/tu.pdf Graphic file (type pdf)
<use logos/tu.pdf>
Package luatex.def Info: logos/tu.pdf  used on input line 224.
(luatex.def)             Requested size: 140.30132pt x 22.76271pt.
<Plots/SnowStormReweighting.png, id=250, 583.17876pt x 405.515pt>
File: Plots/SnowStormReweighting.png Graphic file (type png)
<use Plots/SnowStormReweighting.png>
Package luatex.def Info: Plots/SnowStormReweighting.png  used on input line 224
.
(luatex.def)             Requested size: 255.14903pt x 177.41855pt.


File: logos/tu.pdf Graphic file (type pdf)
<use logos/tu.pdf>
Package luatex.def Info: logos/tu.pdf  used on input line 224.
(luatex.def)             Requested size: 140.30132pt x 22.76271pt.
[15

<./Plots/SnowStormReweighting.png>]
File: logos/tu.pdf Graphic file (type pdf)
<use logos/tu.pdf>
Package luatex.def Info: logos/tu.pdf  used on input line 238.
(luatex.def)             Requested size: 140.30132pt x 22.76271pt.
<Plots/SystematicVisualization.pdf, id=257, 462.528pt x 346.896pt>
File: Plots/SystematicVisualization.pdf Graphic file (type pdf)
<use Plots/SystematicVisualization.pdf>
Package luatex.def Info: Plots/SystematicVisualization.pdf  used on input line 
238.
(luatex.def)             Requested size: 255.14903pt x 191.36505pt.


File: logos/tu.pdf Graphic file (type pdf)
<use logos/tu.pdf>
Package luatex.def Info: logos/tu.pdf  used on input line 238.
(luatex.def)             Requested size: 140.30132pt x 22.76271pt.
[16

<./Plots/SystematicVisualization.pdf>]
File: logos/tu.pdf Graphic file (type pdf)
<use logos/tu.pdf>
Package luatex.def Info: logos/tu.pdf  used on input line 253.
(luatex.def)             Requested size: 140.30132pt x 22.76271pt.
<Plots/systematics_fit_impact.pdf, id=306, 462.528pt x 346.896pt>
File: Plots/systematics_fit_impact.pdf Graphic file (type pdf)
<use Plots/systematics_fit_impact.pdf>
Package luatex.def Info: Plots/systematics_fit_impact.pdf  used on input line 2
53.
(luatex.def)             Requested size: 255.14903pt x 191.36505pt.


File: logos/tu.pdf Graphic file (type pdf)
<use logos/tu.pdf>
Package luatex.def Info: logos/tu.pdf  used on input line 253.
(luatex.def)             Requested size: 140.30132pt x 22.76271pt.
[17

<./Plots/systematics_fit_impact.pdf>]
File: logos/tu.pdf Graphic file (type pdf)
<use logos/tu.pdf>
Package luatex.def Info: logos/tu.pdf  used on input line 261.
(luatex.def)             Requested size: 140.30132pt x 22.76271pt.
<Plots/asimov_scan_Poisson.pdf, id=354, 462.528pt x 346.896pt>
File: Plots/asimov_scan_Poisson.pdf Graphic file (type pdf)
<use Plots/asimov_scan_Poisson.pdf>
Package luatex.def Info: Plots/asimov_scan_Poisson.pdf  used on input line 261.

(luatex.def)             Requested size: 208.37193pt x 156.28172pt.
<Plots/spectrum_3_zenith_20ebins.png, id=355, 462.528pt x 346.896pt>
File: Plots/spectrum_3_zenith_20ebins.png Graphic file (type png)
<use Plots/spectrum_3_zenith_20ebins.png>
Package luatex.def Info: Plots/spectrum_3_zenith_20ebins.png  used on input lin
e 261.
(luatex.def)             Requested size: 208.37193pt x 156.28172pt.


File: logos/tu.pdf Graphic file (type pdf)
<use logos/tu.pdf>
Package luatex.def Info: logos/tu.pdf  used on input line 261.
(luatex.def)             Requested size: 140.30132pt x 22.76271pt.
[18

<./Plots/asimov_scan_poisson.pdf><./Plots/spectrum_3_zenith_20ebins.png>]
File: logos/tu.pdf Graphic file (type pdf)
<use logos/tu.pdf>
Package luatex.def Info: logos/tu.pdf  used on input line 287.
(luatex.def)             Requested size: 140.30132pt x 22.76271pt.


File: logos/tu.pdf Graphic file (type pdf)
<use logos/tu.pdf>
Package luatex.def Info: logos/tu.pdf  used on input line 287.
(luatex.def)             Requested size: 140.30132pt x 22.76271pt.
[19

]
File: logos/tu.pdf Graphic file (type pdf)
<use logos/tu.pdf>
Package luatex.def Info: logos/tu.pdf  used on input line 292.
(luatex.def)             Requested size: 140.30132pt x 22.76271pt.
<Plots/SAY_paper.png, id=402, 714.67pt x 590.205pt>
File: Plots/SAY_paper.png Graphic file (type png)
<use Plots/SAY_paper.png>
Package luatex.def Info: Plots/SAY_paper.png  used on input line 292.
(luatex.def)             Requested size: 208.37193pt x 172.08266pt.
<Plots/SAY_visualization.png, id=403, 462.528pt x 346.896pt>
File: Plots/SAY_visualization.png Graphic file (type png)
<use Plots/SAY_visualization.png>
Package luatex.def Info: Plots/SAY_visualization.png  used on input line 292.
(luatex.def)             Requested size: 208.37193pt x 156.28172pt.


File: logos/tu.pdf Graphic file (type pdf)
<use logos/tu.pdf>
Package luatex.def Info: logos/tu.pdf  used on input line 292.
(luatex.def)             Requested size: 140.30132pt x 22.76271pt.
[20

<./Plots/SAY_paper.png><./Plots/SAY_visualization.png>]
File: logos/tu.pdf Graphic file (type pdf)
<use logos/tu.pdf>
Package luatex.def Info: logos/tu.pdf  used on input line 307.
(luatex.def)             Requested size: 140.30132pt x 22.76271pt.
<Plots/asimov_scan_say.pdf, id=411, 462.528pt x 346.896pt>
File: Plots/asimov_scan_say.pdf Graphic file (type pdf)
<use Plots/asimov_scan_say.pdf>
Package luatex.def Info: Plots/asimov_scan_say.pdf  used on input line 307.
(luatex.def)             Requested size: 255.14903pt x 191.36505pt.


File: logos/tu.pdf Graphic file (type pdf)
<use logos/tu.pdf>
Package luatex.def Info: logos/tu.pdf  used on input line 307.
(luatex.def)             Requested size: 140.30132pt x 22.76271pt.
[21

<./Plots/asimov_scan_say.pdf>]
File: logos/tu.pdf Graphic file (type pdf)
<use logos/tu.pdf>
Package luatex.def Info: logos/tu.pdf  used on input line 323.
(luatex.def)             Requested size: 140.30132pt x 22.76271pt.
<Plots/bias_plot_linear_NNMFit_3zenith_20ebins-1.pdf, id=459, 462.528pt x 346.8
96pt>
File: Plots/bias_plot_linear_NNMFit_3zenith_20ebins-1.pdf Graphic file (type pd
f)
<use Plots/bias_plot_linear_NNMFit_3zenith_20ebins-1.pdf>
Package luatex.def Info: Plots/bias_plot_linear_NNMFit_3zenith_20ebins-1.pdf  u
sed on input line 323.
(luatex.def)             Requested size: 255.14903pt x 191.36505pt.


File: logos/tu.pdf Graphic file (type pdf)
<use logos/tu.pdf>
Package luatex.def Info: logos/tu.pdf  used on input line 323.
(luatex.def)             Requested size: 140.30132pt x 22.76271pt.
[22

<./Plots/bias_plot_linear_NNMFit_3zenith_20ebins-1.pdf>]
File: logos/tu.pdf Graphic file (type pdf)
<use logos/tu.pdf>
Package luatex.def Info: logos/tu.pdf  used on input line 341.
(luatex.def)             Requested size: 140.30132pt x 22.76271pt.
File: Plots/spectrum_(3.5,8.5,8)_10Y.png Graphic file (type png)
<use Plots/spectrum_(3.5,8.5,8)_10Y.png>
Package luatex.def Info: Plots/spectrum_(3.5,8.5,8)_10Y.png  used on input line
 341.
(luatex.def)             Requested size: 127.57451pt x 96.79553pt.
File: Plots/TS_Distribution(3.5,8.5,8)_10Y.png Graphic file (type png)
<use Plots/TS_Distribution(3.5,8.5,8)_10Y.png>
Package luatex.def Info: Plots/TS_Distribution(3.5,8.5,8)_10Y.png  used on inpu
t line 341.
(luatex.def)             Requested size: 127.57451pt x 92.88132pt.


File: logos/tu.pdf Graphic file (type pdf)
<use logos/tu.pdf>
Package luatex.def Info: logos/tu.pdf  used on input line 341.
(luatex.def)             Requested size: 140.30132pt x 22.76271pt.
[23

]
\tf@nav=\write5

\openout5 = dpg_presentation.nav
\tf@toc=\write6

\openout6 = dpg_presentation.toc
\tf@snm=\write7

\openout7 = dpg_presentation.snm
 (./dpg_presentation.aux)
 ***********
LaTeX2e <2024-06-01> patch level 2
L3 programming layer <2024-09-10>
 ***********
)
(\end occurred inside a group at level 1)

### semi simple group (level 1) entered at line 39 (\begingroup)
### bottom level

Here is how much of LuaTeX's memory you used:
 35028 strings out of 475910
 100000,1648299 words of node,token memory allocated
 5048 words of node memory still in use:
   91 hlist, 14 vlist, 14 rule, 25 disc, 15 local_par, 4 math, 148 glue, 32 kern
, 38 penalty, 146 glyph, 157 attribute, 70 glue_spec, 157 attribute_list, 4 writ
e, 40 pdf_colorstack, 4 pdf_setmatrix, 4 pdf_save, 4 pdf_restore nodes
   avail lists: 2:278,3:105,4:203,5:239,6:32,7:1259,8:33,9:408,10:12,11:86
 56568 multiletter control sequences out of 65536+600000
 84 fonts using 28775319 bytes
 128i,18n,147p,390b,979s stack positions out of 10000i,1000n,20000p,200000b,200000s
</home/leander/.local/texlive/2024/texmf-dist/fonts/opentype/public/firamath/Fir
aMath-Regular.otf></home/leander/.local/texlive/2024/texmf-dist/fonts/opentype/p
ublic/fira/FiraSans-Light.otf></home/leander/.local/texlive/2024/texmf-dist/font
s/opentype/public/firamath/FiraMath-Regular.otf></home/leander/.local/texlive/20
24/texmf-dist/fonts/opentype/public/fira/FiraSans-Light.otf></home/leander/.loca
l/texlive/2024/texmf-dist/fonts/opentype/public/fira/FiraSans-Medium.otf>
Output written on dpg_presentation.pdf (23 pages, 5425257 bytes).

PDF statistics: 549 PDF objects out of 1000 (max. 8388607)
 214 compressed objects within 3 object streams
 47 named destinations out of 1000 (max. 131072)
 16 words of extra memory for PDF output out of 10000 (max. 100000000)

